[0.246s] DEBUG:colcon:Command line arguments: ['/usr/bin/colcon', 'build', '--symlink-install']
[0.246s] DEBUG:colcon:Parsed command line arguments: Namespace(log_base=None, log_level=None, verb_name='build', build_base='build', install_base='install', merge_install=False, symlink_install=True, test_result_base=None, continue_on_error=False, executor='parallel', parallel_workers=4, event_handlers=None, ignore_user_meta=False, metas=['./colcon.meta'], base_paths=['.'], packages_ignore=None, packages_ignore_regex=None, paths=None, packages_up_to=None, packages_up_to_regex=None, packages_above=None, packages_above_and_dependencies=None, packages_above_depth=None, packages_select_by_dep=None, packages_skip_by_dep=None, packages_skip_up_to=None, packages_select_build_failed=False, packages_skip_build_finished=False, packages_select_test_failures=False, packages_skip_test_passed=False, packages_select=None, packages_skip=None, packages_select_regex=None, packages_skip_regex=None, packages_start=None, packages_end=None, allow_overriding=[], cmake_args=None, cmake_target=None, cmake_target_skip_unavailable=False, cmake_clean_cache=False, cmake_clean_first=False, cmake_force_configure=False, ament_cmake_args=None, catkin_cmake_args=None, catkin_skip_building_tests=False, mixin_files=None, mixin=None, verb_parser=<colcon_mixin.mixin.mixin_argument.MixinArgumentDecorator object at 0x70cb141f5520>, verb_extension=<colcon_core.verb.build.BuildVerb object at 0x70cb14014b30>, main=<bound method BuildVerb.main of <colcon_core.verb.build.BuildVerb object at 0x70cb14014b30>>, mixin_verb=('build',))
[0.322s] Level 1:colcon.colcon_core.package_discovery:discover_packages(colcon_meta) check parameters
[0.322s] Level 1:colcon.colcon_core.package_discovery:discover_packages(recursive) check parameters
[0.323s] Level 1:colcon.colcon_core.package_discovery:discover_packages(ignore) check parameters
[0.323s] Level 1:colcon.colcon_core.package_discovery:discover_packages(path) check parameters
[0.323s] Level 1:colcon.colcon_core.package_discovery:discover_packages(colcon_meta) discover
[0.323s] Level 1:colcon.colcon_core.package_discovery:discover_packages(recursive) discover
[0.323s] INFO:colcon.colcon_core.package_discovery:Crawling recursively for packages in '/home/user/ros2_ws'
[0.323s] Level 1:colcon.colcon_core.package_identification:_identify(.) by extensions ['ignore', 'ignore_ament_install']
[0.323s] Level 1:colcon.colcon_core.package_identification:_identify(.) by extension 'ignore'
[0.323s] Level 1:colcon.colcon_core.package_identification:_identify(.) by extension 'ignore_ament_install'
[0.323s] Level 1:colcon.colcon_core.package_identification:_identify(.) by extensions ['colcon_pkg']
[0.323s] Level 1:colcon.colcon_core.package_identification:_identify(.) by extension 'colcon_pkg'
[0.323s] Level 1:colcon.colcon_core.package_identification:_identify(.) by extensions ['colcon_meta']
[0.323s] Level 1:colcon.colcon_core.package_identification:_identify(.) by extension 'colcon_meta'
[0.323s] Level 1:colcon.colcon_core.package_identification:_identify(.) by extensions ['ros']
[0.323s] Level 1:colcon.colcon_core.package_identification:_identify(.) by extension 'ros'
[0.376s] Level 1:colcon.colcon_core.package_identification:_identify(.) by extensions ['cmake', 'python']
[0.376s] Level 1:colcon.colcon_core.package_identification:_identify(.) by extension 'cmake'
[0.376s] Level 1:colcon.colcon_core.package_identification:_identify(.) by extension 'python'
[0.376s] Level 1:colcon.colcon_core.package_identification:_identify(.) by extensions ['python_setup_py']
[0.376s] Level 1:colcon.colcon_core.package_identification:_identify(.) by extension 'python_setup_py'
[0.376s] Level 1:colcon.colcon_core.package_identification:_identify(build) by extensions ['ignore', 'ignore_ament_install']
[0.376s] Level 1:colcon.colcon_core.package_identification:_identify(build) by extension 'ignore'
[0.376s] Level 1:colcon.colcon_core.package_identification:_identify(build) ignored
[0.377s] Level 1:colcon.colcon_core.package_identification:_identify(install) by extensions ['ignore', 'ignore_ament_install']
[0.377s] Level 1:colcon.colcon_core.package_identification:_identify(install) by extension 'ignore'
[0.377s] Level 1:colcon.colcon_core.package_identification:_identify(install) ignored
[0.377s] Level 1:colcon.colcon_core.package_identification:_identify(log) by extensions ['ignore', 'ignore_ament_install']
[0.377s] Level 1:colcon.colcon_core.package_identification:_identify(log) by extension 'ignore'
[0.377s] Level 1:colcon.colcon_core.package_identification:_identify(log) ignored
[0.377s] Level 1:colcon.colcon_core.package_identification:_identify(src) by extensions ['ignore', 'ignore_ament_install']
[0.377s] Level 1:colcon.colcon_core.package_identification:_identify(src) by extension 'ignore'
[0.377s] Level 1:colcon.colcon_core.package_identification:_identify(src) by extension 'ignore_ament_install'
[0.377s] Level 1:colcon.colcon_core.package_identification:_identify(src) by extensions ['colcon_pkg']
[0.377s] Level 1:colcon.colcon_core.package_identification:_identify(src) by extension 'colcon_pkg'
[0.377s] Level 1:colcon.colcon_core.package_identification:_identify(src) by extensions ['colcon_meta']
[0.377s] Level 1:colcon.colcon_core.package_identification:_identify(src) by extension 'colcon_meta'
[0.378s] Level 1:colcon.colcon_core.package_identification:_identify(src) by extensions ['ros']
[0.378s] Level 1:colcon.colcon_core.package_identification:_identify(src) by extension 'ros'
[0.378s] Level 1:colcon.colcon_core.package_identification:_identify(src) by extensions ['cmake', 'python']
[0.378s] Level 1:colcon.colcon_core.package_identification:_identify(src) by extension 'cmake'
[0.378s] Level 1:colcon.colcon_core.package_identification:_identify(src) by extension 'python'
[0.378s] Level 1:colcon.colcon_core.package_identification:_identify(src) by extensions ['python_setup_py']
[0.378s] Level 1:colcon.colcon_core.package_identification:_identify(src) by extension 'python_setup_py'
[0.378s] Level 1:colcon.colcon_core.package_identification:_identify(src/jackrobot) by extensions ['ignore', 'ignore_ament_install']
[0.378s] Level 1:colcon.colcon_core.package_identification:_identify(src/jackrobot) by extension 'ignore'
[0.378s] Level 1:colcon.colcon_core.package_identification:_identify(src/jackrobot) by extension 'ignore_ament_install'
[0.378s] Level 1:colcon.colcon_core.package_identification:_identify(src/jackrobot) by extensions ['colcon_pkg']
[0.378s] Level 1:colcon.colcon_core.package_identification:_identify(src/jackrobot) by extension 'colcon_pkg'
[0.378s] Level 1:colcon.colcon_core.package_identification:_identify(src/jackrobot) by extensions ['colcon_meta']
[0.378s] Level 1:colcon.colcon_core.package_identification:_identify(src/jackrobot) by extension 'colcon_meta'
[0.378s] Level 1:colcon.colcon_core.package_identification:_identify(src/jackrobot) by extensions ['ros']
[0.378s] Level 1:colcon.colcon_core.package_identification:_identify(src/jackrobot) by extension 'ros'
[0.382s] DEBUG:colcon.colcon_core.package_identification:Package 'src/jackrobot' with type 'ros.ament_cmake' and name 'jackrobot'
[0.382s] Level 1:colcon.colcon_core.package_identification:_identify(src/jackrobot_control) by extensions ['ignore', 'ignore_ament_install']
[0.382s] Level 1:colcon.colcon_core.package_identification:_identify(src/jackrobot_control) by extension 'ignore'
[0.383s] Level 1:colcon.colcon_core.package_identification:_identify(src/jackrobot_control) by extension 'ignore_ament_install'
[0.383s] Level 1:colcon.colcon_core.package_identification:_identify(src/jackrobot_control) by extensions ['colcon_pkg']
[0.383s] Level 1:colcon.colcon_core.package_identification:_identify(src/jackrobot_control) by extension 'colcon_pkg'
[0.383s] Level 1:colcon.colcon_core.package_identification:_identify(src/jackrobot_control) by extensions ['colcon_meta']
[0.383s] Level 1:colcon.colcon_core.package_identification:_identify(src/jackrobot_control) by extension 'colcon_meta'
[0.383s] Level 1:colcon.colcon_core.package_identification:_identify(src/jackrobot_control) by extensions ['ros']
[0.383s] Level 1:colcon.colcon_core.package_identification:_identify(src/jackrobot_control) by extension 'ros'
[0.384s] DEBUG:colcon.colcon_core.package_identification:Package 'src/jackrobot_control' with type 'ros.ament_python' and name 'jackrobot_control'
[0.384s] Level 1:colcon.colcon_core.package_identification:_identify(src/jackrobot_gazebo) by extensions ['ignore', 'ignore_ament_install']
[0.384s] Level 1:colcon.colcon_core.package_identification:_identify(src/jackrobot_gazebo) by extension 'ignore'
[0.384s] Level 1:colcon.colcon_core.package_identification:_identify(src/jackrobot_gazebo) by extension 'ignore_ament_install'
[0.385s] Level 1:colcon.colcon_core.package_identification:_identify(src/jackrobot_gazebo) by extensions ['colcon_pkg']
[0.385s] Level 1:colcon.colcon_core.package_identification:_identify(src/jackrobot_gazebo) by extension 'colcon_pkg'
[0.385s] Level 1:colcon.colcon_core.package_identification:_identify(src/jackrobot_gazebo) by extensions ['colcon_meta']
[0.385s] Level 1:colcon.colcon_core.package_identification:_identify(src/jackrobot_gazebo) by extension 'colcon_meta'
[0.385s] Level 1:colcon.colcon_core.package_identification:_identify(src/jackrobot_gazebo) by extensions ['ros']
[0.385s] Level 1:colcon.colcon_core.package_identification:_identify(src/jackrobot_gazebo) by extension 'ros'
[0.386s] DEBUG:colcon.colcon_core.package_identification:Package 'src/jackrobot_gazebo' with type 'ros.ament_cmake' and name 'jackrobot_gazebo'
[0.387s] Level 1:colcon.colcon_core.package_identification:_identify(src/jackrobot_moveit_config) by extensions ['ignore', 'ignore_ament_install']
[0.387s] Level 1:colcon.colcon_core.package_identification:_identify(src/jackrobot_moveit_config) by extension 'ignore'
[0.387s] Level 1:colcon.colcon_core.package_identification:_identify(src/jackrobot_moveit_config) by extension 'ignore_ament_install'
[0.387s] Level 1:colcon.colcon_core.package_identification:_identify(src/jackrobot_moveit_config) by extensions ['colcon_pkg']
[0.387s] Level 1:colcon.colcon_core.package_identification:_identify(src/jackrobot_moveit_config) by extension 'colcon_pkg'
[0.387s] Level 1:colcon.colcon_core.package_identification:_identify(src/jackrobot_moveit_config) by extensions ['colcon_meta']
[0.387s] Level 1:colcon.colcon_core.package_identification:_identify(src/jackrobot_moveit_config) by extension 'colcon_meta'
[0.387s] Level 1:colcon.colcon_core.package_identification:_identify(src/jackrobot_moveit_config) by extensions ['ros']
[0.387s] Level 1:colcon.colcon_core.package_identification:_identify(src/jackrobot_moveit_config) by extension 'ros'
[0.390s] DEBUG:colcon.colcon_core.package_identification:Package 'src/jackrobot_moveit_config' with type 'ros.ament_cmake' and name 'jackrobot_moveit_config'
[0.390s] Level 1:colcon.colcon_core.package_discovery:discover_packages(recursive) using defaults
[0.390s] Level 1:colcon.colcon_core.package_discovery:discover_packages(ignore) discover
[0.390s] Level 1:colcon.colcon_core.package_discovery:discover_packages(ignore) using defaults
[0.390s] Level 1:colcon.colcon_core.package_discovery:discover_packages(path) discover
[0.390s] Level 1:colcon.colcon_core.package_discovery:discover_packages(path) using defaults
[0.430s] Level 1:colcon.colcon_core.package_discovery:discover_packages(prefix_path) check parameters
[0.430s] Level 1:colcon.colcon_core.package_discovery:discover_packages(prefix_path) discover
[0.434s] WARNING:colcon.colcon_ros.prefix_path.ament:The path '/home/user/ros2_ws/install/jackrobot_moveit_config' in the environment variable AMENT_PREFIX_PATH doesn't exist
[0.434s] WARNING:colcon.colcon_ros.prefix_path.ament:The path '/home/user/ros2_ws/install/jackrobot_gazebo' in the environment variable AMENT_PREFIX_PATH doesn't exist
[0.434s] WARNING:colcon.colcon_ros.prefix_path.ament:The path '/home/user/ros2_ws/install/jackrobot_control' in the environment variable AMENT_PREFIX_PATH doesn't exist
[0.434s] WARNING:colcon.colcon_ros.prefix_path.ament:The path '/home/user/ros2_ws/install/jackrobot' in the environment variable AMENT_PREFIX_PATH doesn't exist
[0.435s] WARNING:colcon.colcon_ros.prefix_path.catkin:The path '/home/user/ros2_ws/install/jackrobot_moveit_config' in the environment variable CMAKE_PREFIX_PATH doesn't exist
[0.435s] WARNING:colcon.colcon_ros.prefix_path.catkin:The path '/home/user/ros2_ws/install/jackrobot_gazebo' in the environment variable CMAKE_PREFIX_PATH doesn't exist
[0.435s] WARNING:colcon.colcon_ros.prefix_path.catkin:The path '/home/user/ros2_ws/install/jackrobot' in the environment variable CMAKE_PREFIX_PATH doesn't exist
[0.437s] DEBUG:colcon.colcon_installed_package_information.package_discovery:Found 0 installed packages in /home/user/ros2_ws/install
[0.443s] DEBUG:colcon.colcon_installed_package_information.package_discovery:Found 511 installed packages in /opt/ros/jazzy
[0.450s] Level 1:colcon.colcon_core.package_discovery:discover_packages(prefix_path) using defaults
[0.620s] Level 5:colcon.colcon_core.verb:set package 'jackrobot' build argument 'cmake_args' from command line to 'None'
[0.620s] Level 5:colcon.colcon_core.verb:set package 'jackrobot' build argument 'cmake_target' from command line to 'None'
[0.620s] Level 5:colcon.colcon_core.verb:set package 'jackrobot' build argument 'cmake_target_skip_unavailable' from command line to 'False'
[0.620s] Level 5:colcon.colcon_core.verb:set package 'jackrobot' build argument 'cmake_clean_cache' from command line to 'False'
[0.620s] Level 5:colcon.colcon_core.verb:set package 'jackrobot' build argument 'cmake_clean_first' from command line to 'False'
[0.620s] Level 5:colcon.colcon_core.verb:set package 'jackrobot' build argument 'cmake_force_configure' from command line to 'False'
[0.620s] Level 5:colcon.colcon_core.verb:set package 'jackrobot' build argument 'ament_cmake_args' from command line to 'None'
[0.621s] Level 5:colcon.colcon_core.verb:set package 'jackrobot' build argument 'catkin_cmake_args' from command line to 'None'
[0.621s] Level 5:colcon.colcon_core.verb:set package 'jackrobot' build argument 'catkin_skip_building_tests' from command line to 'False'
[0.621s] DEBUG:colcon.colcon_core.verb:Building package 'jackrobot' with the following arguments: {'ament_cmake_args': None, 'build_base': '/home/user/ros2_ws/build/jackrobot', 'catkin_cmake_args': None, 'catkin_skip_building_tests': False, 'cmake_args': None, 'cmake_clean_cache': False, 'cmake_clean_first': False, 'cmake_force_configure': False, 'cmake_target': None, 'cmake_target_skip_unavailable': False, 'install_base': '/home/user/ros2_ws/install/jackrobot', 'merge_install': False, 'path': '/home/user/ros2_ws/src/jackrobot', 'symlink_install': True, 'test_result_base': None}
[0.621s] Level 5:colcon.colcon_core.verb:set package 'jackrobot_control' build argument 'cmake_args' from command line to 'None'
[0.621s] Level 5:colcon.colcon_core.verb:set package 'jackrobot_control' build argument 'cmake_target' from command line to 'None'
[0.621s] Level 5:colcon.colcon_core.verb:set package 'jackrobot_control' build argument 'cmake_target_skip_unavailable' from command line to 'False'
[0.621s] Level 5:colcon.colcon_core.verb:set package 'jackrobot_control' build argument 'cmake_clean_cache' from command line to 'False'
[0.621s] Level 5:colcon.colcon_core.verb:set package 'jackrobot_control' build argument 'cmake_clean_first' from command line to 'False'
[0.621s] Level 5:colcon.colcon_core.verb:set package 'jackrobot_control' build argument 'cmake_force_configure' from command line to 'False'
[0.621s] Level 5:colcon.colcon_core.verb:set package 'jackrobot_control' build argument 'ament_cmake_args' from command line to 'None'
[0.621s] Level 5:colcon.colcon_core.verb:set package 'jackrobot_control' build argument 'catkin_cmake_args' from command line to 'None'
[0.621s] Level 5:colcon.colcon_core.verb:set package 'jackrobot_control' build argument 'catkin_skip_building_tests' from command line to 'False'
[0.621s] DEBUG:colcon.colcon_core.verb:Building package 'jackrobot_control' with the following arguments: {'ament_cmake_args': None, 'build_base': '/home/user/ros2_ws/build/jackrobot_control', 'catkin_cmake_args': None, 'catkin_skip_building_tests': False, 'cmake_args': None, 'cmake_clean_cache': False, 'cmake_clean_first': False, 'cmake_force_configure': False, 'cmake_target': None, 'cmake_target_skip_unavailable': False, 'install_base': '/home/user/ros2_ws/install/jackrobot_control', 'merge_install': False, 'path': '/home/user/ros2_ws/src/jackrobot_control', 'symlink_install': True, 'test_result_base': None}
[0.622s] Level 5:colcon.colcon_core.verb:set package 'jackrobot_gazebo' build argument 'cmake_args' from command line to 'None'
[0.622s] Level 5:colcon.colcon_core.verb:set package 'jackrobot_gazebo' build argument 'cmake_target' from command line to 'None'
[0.622s] Level 5:colcon.colcon_core.verb:set package 'jackrobot_gazebo' build argument 'cmake_target_skip_unavailable' from command line to 'False'
[0.622s] Level 5:colcon.colcon_core.verb:set package 'jackrobot_gazebo' build argument 'cmake_clean_cache' from command line to 'False'
[0.622s] Level 5:colcon.colcon_core.verb:set package 'jackrobot_gazebo' build argument 'cmake_clean_first' from command line to 'False'
[0.622s] Level 5:colcon.colcon_core.verb:set package 'jackrobot_gazebo' build argument 'cmake_force_configure' from command line to 'False'
[0.622s] Level 5:colcon.colcon_core.verb:set package 'jackrobot_gazebo' build argument 'ament_cmake_args' from command line to 'None'
[0.622s] Level 5:colcon.colcon_core.verb:set package 'jackrobot_gazebo' build argument 'catkin_cmake_args' from command line to 'None'
[0.622s] Level 5:colcon.colcon_core.verb:set package 'jackrobot_gazebo' build argument 'catkin_skip_building_tests' from command line to 'False'
[0.622s] DEBUG:colcon.colcon_core.verb:Building package 'jackrobot_gazebo' with the following arguments: {'ament_cmake_args': None, 'build_base': '/home/user/ros2_ws/build/jackrobot_gazebo', 'catkin_cmake_args': None, 'catkin_skip_building_tests': False, 'cmake_args': None, 'cmake_clean_cache': False, 'cmake_clean_first': False, 'cmake_force_configure': False, 'cmake_target': None, 'cmake_target_skip_unavailable': False, 'install_base': '/home/user/ros2_ws/install/jackrobot_gazebo', 'merge_install': False, 'path': '/home/user/ros2_ws/src/jackrobot_gazebo', 'symlink_install': True, 'test_result_base': None}
[0.623s] Level 5:colcon.colcon_core.verb:set package 'jackrobot_moveit_config' build argument 'cmake_args' from command line to 'None'
[0.623s] Level 5:colcon.colcon_core.verb:set package 'jackrobot_moveit_config' build argument 'cmake_target' from command line to 'None'
[0.623s] Level 5:colcon.colcon_core.verb:set package 'jackrobot_moveit_config' build argument 'cmake_target_skip_unavailable' from command line to 'False'
[0.623s] Level 5:colcon.colcon_core.verb:set package 'jackrobot_moveit_config' build argument 'cmake_clean_cache' from command line to 'False'
[0.623s] Level 5:colcon.colcon_core.verb:set package 'jackrobot_moveit_config' build argument 'cmake_clean_first' from command line to 'False'
[0.623s] Level 5:colcon.colcon_core.verb:set package 'jackrobot_moveit_config' build argument 'cmake_force_configure' from command line to 'False'
[0.623s] Level 5:colcon.colcon_core.verb:set package 'jackrobot_moveit_config' build argument 'ament_cmake_args' from command line to 'None'
[0.623s] Level 5:colcon.colcon_core.verb:set package 'jackrobot_moveit_config' build argument 'catkin_cmake_args' from command line to 'None'
[0.623s] Level 5:colcon.colcon_core.verb:set package 'jackrobot_moveit_config' build argument 'catkin_skip_building_tests' from command line to 'False'
[0.623s] DEBUG:colcon.colcon_core.verb:Building package 'jackrobot_moveit_config' with the following arguments: {'ament_cmake_args': None, 'build_base': '/home/user/ros2_ws/build/jackrobot_moveit_config', 'catkin_cmake_args': None, 'catkin_skip_building_tests': False, 'cmake_args': None, 'cmake_clean_cache': False, 'cmake_clean_first': False, 'cmake_force_configure': False, 'cmake_target': None, 'cmake_target_skip_unavailable': False, 'install_base': '/home/user/ros2_ws/install/jackrobot_moveit_config', 'merge_install': False, 'path': '/home/user/ros2_ws/src/jackrobot_moveit_config', 'symlink_install': True, 'test_result_base': None}
[0.623s] INFO:colcon.colcon_core.executor:Executing jobs using 'parallel' executor
[0.625s] DEBUG:colcon.colcon_parallel_executor.executor.parallel:run_until_complete
[0.625s] INFO:colcon.colcon_ros.task.ament_cmake.build:Building ROS package in '/home/user/ros2_ws/src/jackrobot' with build type 'ament_cmake'
[0.625s] INFO:colcon.colcon_cmake.task.cmake.build:Building CMake package in '/home/user/ros2_ws/src/jackrobot'
[0.628s] INFO:colcon.colcon_core.plugin_system:Skipping extension 'colcon_core.shell.bat': Not used on non-Windows systems
[0.629s] INFO:colcon.colcon_core.shell:Skip shell extension 'powershell' for command environment: Not usable outside of PowerShell
[0.629s] DEBUG:colcon.colcon_core.shell:Skip shell extension 'dsv' for command environment
[0.640s] INFO:colcon.colcon_ros.task.ament_python.build:Building ROS package in '/home/user/ros2_ws/src/jackrobot_control' with build type 'ament_python'
[0.640s] Level 1:colcon.colcon_core.shell:create_environment_hook('jackrobot_control', 'ament_prefix_path')
[0.640s] INFO:colcon.colcon_core.shell:Creating environment hook '/home/user/ros2_ws/install/jackrobot_control/share/jackrobot_control/hook/ament_prefix_path.ps1'
[0.645s] INFO:colcon.colcon_core.shell:Creating environment descriptor '/home/user/ros2_ws/install/jackrobot_control/share/jackrobot_control/hook/ament_prefix_path.dsv'
[0.646s] INFO:colcon.colcon_core.shell:Creating environment hook '/home/user/ros2_ws/install/jackrobot_control/share/jackrobot_control/hook/ament_prefix_path.sh'
[0.647s] INFO:colcon.colcon_core.shell:Skip shell extension 'powershell' for command environment: Not usable outside of PowerShell
[0.647s] DEBUG:colcon.colcon_core.shell:Skip shell extension 'dsv' for command environment
[0.657s] INFO:colcon.colcon_ros.task.ament_cmake.build:Building ROS package in '/home/user/ros2_ws/src/jackrobot_gazebo' with build type 'ament_cmake'
[0.660s] INFO:colcon.colcon_cmake.task.cmake.build:Building CMake package in '/home/user/ros2_ws/src/jackrobot_gazebo'
[0.660s] INFO:colcon.colcon_core.shell:Skip shell extension 'powershell' for command environment: Not usable outside of PowerShell
[0.660s] DEBUG:colcon.colcon_core.shell:Skip shell extension 'dsv' for command environment
[0.736s] DEBUG:colcon.colcon_core.event_handler.log_command:Invoking command in '/home/user/ros2_ws/build/jackrobot': CMAKE_PREFIX_PATH=${CMAKE_PREFIX_PATH}:/home/user/ros2_ws/install/jackrobot_control:/opt/ros/jazzy DEBUGINFOD_URLS=https://debuginfod.ubuntu.com /usr/bin/cmake /home/user/ros2_ws/src/jackrobot -DAMENT_CMAKE_SYMLINK_INSTALL=1 -DCMAKE_INSTALL_PREFIX=/home/user/ros2_ws/install/jackrobot
[1.257s] INFO:colcon.colcon_core.task.python.build:Building Python package in '/home/user/ros2_ws/src/jackrobot_control'
[1.258s] INFO:colcon.colcon_core.shell:Skip shell extension 'powershell' for command environment: Not usable outside of PowerShell
[1.258s] DEBUG:colcon.colcon_core.shell:Skip shell extension 'dsv' for command environment
[1.271s] DEBUG:colcon.colcon_core.event_handler.log_command:Invoking command in '/home/user/ros2_ws/build/jackrobot_gazebo': CMAKE_PREFIX_PATH=${CMAKE_PREFIX_PATH}:/home/user/ros2_ws/install/jackrobot_control:/opt/ros/jazzy DEBUGINFOD_URLS=https://debuginfod.ubuntu.com /usr/bin/cmake /home/user/ros2_ws/src/jackrobot_gazebo -DAMENT_CMAKE_SYMLINK_INSTALL=1 -DCMAKE_INSTALL_PREFIX=/home/user/ros2_ws/install/jackrobot_gazebo
[2.981s] DEBUG:colcon.colcon_core.event_handler.log_command:Invoked command in '/home/user/ros2_ws/build/jackrobot' returned '0': CMAKE_PREFIX_PATH=${CMAKE_PREFIX_PATH}:/home/user/ros2_ws/install/jackrobot_control:/opt/ros/jazzy DEBUGINFOD_URLS=https://debuginfod.ubuntu.com /usr/bin/cmake /home/user/ros2_ws/src/jackrobot -DAMENT_CMAKE_SYMLINK_INSTALL=1 -DCMAKE_INSTALL_PREFIX=/home/user/ros2_ws/install/jackrobot
[2.982s] DEBUG:colcon.colcon_core.event_handler.log_command:Invoking command in '/home/user/ros2_ws/build/jackrobot': CMAKE_PREFIX_PATH=${CMAKE_PREFIX_PATH}:/home/user/ros2_ws/install/jackrobot_control:/opt/ros/jazzy DEBUGINFOD_URLS=https://debuginfod.ubuntu.com /usr/bin/cmake --build /home/user/ros2_ws/build/jackrobot -- -j4 -l4
[3.059s] DEBUG:colcon.colcon_core.event_handler.log_command:Invoked command in '/home/user/ros2_ws/build/jackrobot' returned '0': CMAKE_PREFIX_PATH=${CMAKE_PREFIX_PATH}:/home/user/ros2_ws/install/jackrobot_control:/opt/ros/jazzy DEBUGINFOD_URLS=https://debuginfod.ubuntu.com /usr/bin/cmake --build /home/user/ros2_ws/build/jackrobot -- -j4 -l4
[3.077s] DEBUG:colcon.colcon_core.event_handler.log_command:Invoking command in '/home/user/ros2_ws/build/jackrobot': CMAKE_PREFIX_PATH=${CMAKE_PREFIX_PATH}:/home/user/ros2_ws/install/jackrobot_control:/opt/ros/jazzy DEBUGINFOD_URLS=https://debuginfod.ubuntu.com /usr/bin/cmake --install /home/user/ros2_ws/build/jackrobot
[3.134s] DEBUG:colcon.colcon_core.event_handler.log_command:Invoking command in '/home/user/ros2_ws/build/jackrobot_control': DEBUGINFOD_URLS=https://debuginfod.ubuntu.com PYTHONPATH=/home/user/ros2_ws/build/jackrobot_control/prefix_override:/usr/lib/python3/dist-packages/colcon_core/task/python/colcon_distutils_commands:/home/user/ros2_ws/install/jackrobot_control/lib/python3.12/site-packages:${PYTHONPATH} /usr/bin/python3 -W ignore:setup.py install is deprecated -W ignore:easy_install command is deprecated setup.py develop --editable --build-directory /home/user/ros2_ws/build/jackrobot_control/build --no-deps symlink_data
[3.282s] DEBUG:colcon.colcon_core.event_handler.log_command:Invoked command in '/home/user/ros2_ws/build/jackrobot_gazebo' returned '0': CMAKE_PREFIX_PATH=${CMAKE_PREFIX_PATH}:/home/user/ros2_ws/install/jackrobot_control:/opt/ros/jazzy DEBUGINFOD_URLS=https://debuginfod.ubuntu.com /usr/bin/cmake /home/user/ros2_ws/src/jackrobot_gazebo -DAMENT_CMAKE_SYMLINK_INSTALL=1 -DCMAKE_INSTALL_PREFIX=/home/user/ros2_ws/install/jackrobot_gazebo
[3.283s] DEBUG:colcon.colcon_core.event_handler.log_command:Invoking command in '/home/user/ros2_ws/build/jackrobot_gazebo': CMAKE_PREFIX_PATH=${CMAKE_PREFIX_PATH}:/home/user/ros2_ws/install/jackrobot_control:/opt/ros/jazzy DEBUGINFOD_URLS=https://debuginfod.ubuntu.com /usr/bin/cmake --build /home/user/ros2_ws/build/jackrobot_gazebo -- -j4 -l4
[3.357s] DEBUG:colcon.colcon_core.event_handler.log_command:Invoked command in '/home/user/ros2_ws/build/jackrobot_gazebo' returned '0': CMAKE_PREFIX_PATH=${CMAKE_PREFIX_PATH}:/home/user/ros2_ws/install/jackrobot_control:/opt/ros/jazzy DEBUGINFOD_URLS=https://debuginfod.ubuntu.com /usr/bin/cmake --build /home/user/ros2_ws/build/jackrobot_gazebo -- -j4 -l4
[3.361s] DEBUG:colcon.colcon_core.event_handler.log_command:Invoking command in '/home/user/ros2_ws/build/jackrobot_gazebo': CMAKE_PREFIX_PATH=${CMAKE_PREFIX_PATH}:/home/user/ros2_ws/install/jackrobot_control:/opt/ros/jazzy DEBUGINFOD_URLS=https://debuginfod.ubuntu.com /usr/bin/cmake --install /home/user/ros2_ws/build/jackrobot_gazebo
[3.458s] Level 1:colcon.colcon_core.environment:create_environment_scripts_only(jackrobot)
[3.458s] DEBUG:colcon.colcon_core.event_handler.log_command:Invoked command in '/home/user/ros2_ws/build/jackrobot' returned '0': CMAKE_PREFIX_PATH=${CMAKE_PREFIX_PATH}:/home/user/ros2_ws/install/jackrobot_control:/opt/ros/jazzy DEBUGINFOD_URLS=https://debuginfod.ubuntu.com /usr/bin/cmake --install /home/user/ros2_ws/build/jackrobot
[3.461s] Level 1:colcon.colcon_core.environment:checking '/home/user/ros2_ws/install/jackrobot' for CMake module files
[3.464s] Level 1:colcon.colcon_core.environment:checking '/home/user/ros2_ws/install/jackrobot' for CMake config files
[3.464s] Level 1:colcon.colcon_core.shell:create_environment_hook('jackrobot', 'cmake_prefix_path')
[3.465s] INFO:colcon.colcon_core.shell:Creating environment hook '/home/user/ros2_ws/install/jackrobot/share/jackrobot/hook/cmake_prefix_path.ps1'
[3.465s] INFO:colcon.colcon_core.shell:Creating environment descriptor '/home/user/ros2_ws/install/jackrobot/share/jackrobot/hook/cmake_prefix_path.dsv'
[3.466s] INFO:colcon.colcon_core.shell:Creating environment hook '/home/user/ros2_ws/install/jackrobot/share/jackrobot/hook/cmake_prefix_path.sh'
[3.467s] Level 1:colcon.colcon_core.environment:checking '/home/user/ros2_ws/install/jackrobot/bin'
[3.467s] Level 1:colcon.colcon_core.environment:checking '/home/user/ros2_ws/install/jackrobot/lib/pkgconfig/jackrobot.pc'
[3.467s] Level 1:colcon.colcon_core.environment:checking '/home/user/ros2_ws/install/jackrobot/lib/python3.12/site-packages'
[3.468s] Level 1:colcon.colcon_core.environment:checking '/home/user/ros2_ws/install/jackrobot/bin'
[3.468s] INFO:colcon.colcon_core.shell:Creating package script '/home/user/ros2_ws/install/jackrobot/share/jackrobot/package.ps1'
[3.470s] INFO:colcon.colcon_core.shell:Creating package descriptor '/home/user/ros2_ws/install/jackrobot/share/jackrobot/package.dsv'
[3.471s] INFO:colcon.colcon_core.shell:Creating package script '/home/user/ros2_ws/install/jackrobot/share/jackrobot/package.sh'
[3.472s] INFO:colcon.colcon_core.shell:Creating package script '/home/user/ros2_ws/install/jackrobot/share/jackrobot/package.bash'
[3.473s] INFO:colcon.colcon_core.shell:Creating package script '/home/user/ros2_ws/install/jackrobot/share/jackrobot/package.zsh'
[3.474s] Level 1:colcon.colcon_core.environment:create_file_with_runtime_dependencies(/home/user/ros2_ws/install/jackrobot/share/colcon-core/packages/jackrobot)
[3.475s] Level 1:colcon.colcon_core.environment:create_environment_scripts_only(jackrobot)
[3.475s] Level 1:colcon.colcon_core.environment:checking '/home/user/ros2_ws/install/jackrobot' for CMake module files
[3.476s] Level 1:colcon.colcon_core.environment:checking '/home/user/ros2_ws/install/jackrobot' for CMake config files
[3.476s] Level 1:colcon.colcon_core.shell:create_environment_hook('jackrobot', 'cmake_prefix_path')
[3.476s] INFO:colcon.colcon_core.shell:Creating environment hook '/home/user/ros2_ws/install/jackrobot/share/jackrobot/hook/cmake_prefix_path.ps1'
[3.477s] INFO:colcon.colcon_core.shell:Creating environment descriptor '/home/user/ros2_ws/install/jackrobot/share/jackrobot/hook/cmake_prefix_path.dsv'
[3.478s] INFO:colcon.colcon_core.shell:Creating environment hook '/home/user/ros2_ws/install/jackrobot/share/jackrobot/hook/cmake_prefix_path.sh'
[3.479s] Level 1:colcon.colcon_core.environment:checking '/home/user/ros2_ws/install/jackrobot/bin'
[3.479s] Level 1:colcon.colcon_core.environment:checking '/home/user/ros2_ws/install/jackrobot/lib/pkgconfig/jackrobot.pc'
[3.479s] Level 1:colcon.colcon_core.environment:checking '/home/user/ros2_ws/install/jackrobot/lib/python3.12/site-packages'
[3.480s] Level 1:colcon.colcon_core.environment:checking '/home/user/ros2_ws/install/jackrobot/bin'
[3.480s] INFO:colcon.colcon_core.shell:Creating package script '/home/user/ros2_ws/install/jackrobot/share/jackrobot/package.ps1'
[3.481s] INFO:colcon.colcon_core.shell:Creating package descriptor '/home/user/ros2_ws/install/jackrobot/share/jackrobot/package.dsv'
[3.482s] INFO:colcon.colcon_core.shell:Creating package script '/home/user/ros2_ws/install/jackrobot/share/jackrobot/package.sh'
[3.483s] INFO:colcon.colcon_core.shell:Creating package script '/home/user/ros2_ws/install/jackrobot/share/jackrobot/package.bash'
[3.484s] INFO:colcon.colcon_core.shell:Creating package script '/home/user/ros2_ws/install/jackrobot/share/jackrobot/package.zsh'
[3.484s] Level 1:colcon.colcon_core.environment:create_file_with_runtime_dependencies(/home/user/ros2_ws/install/jackrobot/share/colcon-core/packages/jackrobot)
[3.485s] INFO:colcon.colcon_ros.task.ament_cmake.build:Building ROS package in '/home/user/ros2_ws/src/jackrobot_moveit_config' with build type 'ament_cmake'
[3.485s] INFO:colcon.colcon_cmake.task.cmake.build:Building CMake package in '/home/user/ros2_ws/src/jackrobot_moveit_config'
[3.485s] INFO:colcon.colcon_core.shell:Skip shell extension 'powershell' for command environment: Not usable outside of PowerShell
[3.485s] DEBUG:colcon.colcon_core.shell:Skip shell extension 'dsv' for command environment
[3.505s] DEBUG:colcon.colcon_core.event_handler.log_command:Invoking command in '/home/user/ros2_ws/build/jackrobot_moveit_config': CMAKE_PREFIX_PATH=/home/user/ros2_ws/install/jackrobot:/home/user/ros2_ws/install/jackrobot_moveit_config:/home/user/ros2_ws/install/jackrobot_gazebo:/opt/ros/jazzy/opt/gz_sim_vendor:/opt/ros/jazzy/opt/gz_sensors_vendor:/opt/ros/jazzy/opt/gz_physics_vendor:/opt/ros/jazzy/opt/sdformat_vendor:/opt/ros/jazzy/opt/gz_gui_vendor:/opt/ros/jazzy/opt/gz_transport_vendor:/opt/ros/jazzy/opt/gz_rendering_vendor:/opt/ros/jazzy/opt/gz_plugin_vendor:/opt/ros/jazzy/opt/gz_fuel_tools_vendor:/opt/ros/jazzy/opt/gz_msgs_vendor:/opt/ros/jazzy/opt/gz_common_vendor:/opt/ros/jazzy/opt/gz_math_vendor:/opt/ros/jazzy/opt/gz_utils_vendor:/opt/ros/jazzy/opt/gz_tools_vendor:/opt/ros/jazzy/opt/gz_ogre_next_vendor:/opt/ros/jazzy/opt/gz_dartsim_vendor:/opt/ros/jazzy/opt/gz_cmake_vendor:/home/user/ros2_ws/install/jackrobot_control:/opt/ros/jazzy DEBUGINFOD_URLS=https://debuginfod.ubuntu.com /usr/bin/cmake /home/user/ros2_ws/src/jackrobot_moveit_config -DAMENT_CMAKE_SYMLINK_INSTALL=1 -DCMAKE_INSTALL_PREFIX=/home/user/ros2_ws/install/jackrobot_moveit_config
[3.724s] Level 1:colcon.colcon_core.environment:create_environment_scripts_only(jackrobot_gazebo)
[3.725s] Level 1:colcon.colcon_core.environment:checking '/home/user/ros2_ws/install/jackrobot_gazebo' for CMake module files
[3.727s] DEBUG:colcon.colcon_core.event_handler.log_command:Invoked command in '/home/user/ros2_ws/build/jackrobot_gazebo' returned '0': CMAKE_PREFIX_PATH=${CMAKE_PREFIX_PATH}:/home/user/ros2_ws/install/jackrobot_control:/opt/ros/jazzy DEBUGINFOD_URLS=https://debuginfod.ubuntu.com /usr/bin/cmake --install /home/user/ros2_ws/build/jackrobot_gazebo
[3.729s] Level 1:colcon.colcon_core.environment:checking '/home/user/ros2_ws/install/jackrobot_gazebo' for CMake config files
[3.729s] Level 1:colcon.colcon_core.shell:create_environment_hook('jackrobot_gazebo', 'cmake_prefix_path')
[3.730s] INFO:colcon.colcon_core.shell:Creating environment hook '/home/user/ros2_ws/install/jackrobot_gazebo/share/jackrobot_gazebo/hook/cmake_prefix_path.ps1'
[3.731s] INFO:colcon.colcon_core.shell:Creating environment descriptor '/home/user/ros2_ws/install/jackrobot_gazebo/share/jackrobot_gazebo/hook/cmake_prefix_path.dsv'
[3.733s] INFO:colcon.colcon_core.shell:Creating environment hook '/home/user/ros2_ws/install/jackrobot_gazebo/share/jackrobot_gazebo/hook/cmake_prefix_path.sh'
[3.734s] Level 1:colcon.colcon_core.environment:checking '/home/user/ros2_ws/install/jackrobot_gazebo/bin'
[3.734s] Level 1:colcon.colcon_core.environment:checking '/home/user/ros2_ws/install/jackrobot_gazebo/lib/pkgconfig/jackrobot_gazebo.pc'
[3.735s] Level 1:colcon.colcon_core.environment:checking '/home/user/ros2_ws/install/jackrobot_gazebo/lib/python3.12/site-packages'
[3.735s] Level 1:colcon.colcon_core.environment:checking '/home/user/ros2_ws/install/jackrobot_gazebo/bin'
[3.736s] INFO:colcon.colcon_core.shell:Creating package script '/home/user/ros2_ws/install/jackrobot_gazebo/share/jackrobot_gazebo/package.ps1'
[3.737s] INFO:colcon.colcon_core.shell:Creating package descriptor '/home/user/ros2_ws/install/jackrobot_gazebo/share/jackrobot_gazebo/package.dsv'
[3.737s] INFO:colcon.colcon_core.shell:Creating package script '/home/user/ros2_ws/install/jackrobot_gazebo/share/jackrobot_gazebo/package.sh'
[3.738s] INFO:colcon.colcon_core.shell:Creating package script '/home/user/ros2_ws/install/jackrobot_gazebo/share/jackrobot_gazebo/package.bash'
[3.738s] INFO:colcon.colcon_core.shell:Creating package script '/home/user/ros2_ws/install/jackrobot_gazebo/share/jackrobot_gazebo/package.zsh'
[3.739s] Level 1:colcon.colcon_core.environment:create_file_with_runtime_dependencies(/home/user/ros2_ws/install/jackrobot_gazebo/share/colcon-core/packages/jackrobot_gazebo)
[3.740s] Level 1:colcon.colcon_core.environment:create_environment_scripts_only(jackrobot_gazebo)
[3.740s] Level 1:colcon.colcon_core.environment:checking '/home/user/ros2_ws/install/jackrobot_gazebo' for CMake module files
[3.741s] Level 1:colcon.colcon_core.environment:checking '/home/user/ros2_ws/install/jackrobot_gazebo' for CMake config files
[3.742s] Level 1:colcon.colcon_core.shell:create_environment_hook('jackrobot_gazebo', 'cmake_prefix_path')
[3.742s] INFO:colcon.colcon_core.shell:Creating environment hook '/home/user/ros2_ws/install/jackrobot_gazebo/share/jackrobot_gazebo/hook/cmake_prefix_path.ps1'
[3.744s] INFO:colcon.colcon_core.shell:Creating environment descriptor '/home/user/ros2_ws/install/jackrobot_gazebo/share/jackrobot_gazebo/hook/cmake_prefix_path.dsv'
[3.745s] INFO:colcon.colcon_core.shell:Creating environment hook '/home/user/ros2_ws/install/jackrobot_gazebo/share/jackrobot_gazebo/hook/cmake_prefix_path.sh'
[3.746s] Level 1:colcon.colcon_core.environment:checking '/home/user/ros2_ws/install/jackrobot_gazebo/bin'
[3.746s] Level 1:colcon.colcon_core.environment:checking '/home/user/ros2_ws/install/jackrobot_gazebo/lib/pkgconfig/jackrobot_gazebo.pc'
[3.748s] Level 1:colcon.colcon_core.environment:checking '/home/user/ros2_ws/install/jackrobot_gazebo/lib/python3.12/site-packages'
[3.748s] Level 1:colcon.colcon_core.environment:checking '/home/user/ros2_ws/install/jackrobot_gazebo/bin'
[3.749s] INFO:colcon.colcon_core.shell:Creating package script '/home/user/ros2_ws/install/jackrobot_gazebo/share/jackrobot_gazebo/package.ps1'
[3.751s] INFO:colcon.colcon_core.shell:Creating package descriptor '/home/user/ros2_ws/install/jackrobot_gazebo/share/jackrobot_gazebo/package.dsv'
[3.752s] INFO:colcon.colcon_core.shell:Creating package script '/home/user/ros2_ws/install/jackrobot_gazebo/share/jackrobot_gazebo/package.sh'
[3.753s] INFO:colcon.colcon_core.shell:Creating package script '/home/user/ros2_ws/install/jackrobot_gazebo/share/jackrobot_gazebo/package.bash'
[3.753s] INFO:colcon.colcon_core.shell:Creating package script '/home/user/ros2_ws/install/jackrobot_gazebo/share/jackrobot_gazebo/package.zsh'
[3.754s] Level 1:colcon.colcon_core.environment:create_file_with_runtime_dependencies(/home/user/ros2_ws/install/jackrobot_gazebo/share/colcon-core/packages/jackrobot_gazebo)
[4.932s] Level 1:colcon.colcon_core.shell:create_environment_hook('jackrobot_control', 'pythonpath_develop')
[4.934s] DEBUG:colcon.colcon_core.event_handler.log_command:Invoked command in '/home/user/ros2_ws/build/jackrobot_control' returned '0': DEBUGINFOD_URLS=https://debuginfod.ubuntu.com PYTHONPATH=/home/user/ros2_ws/build/jackrobot_control/prefix_override:/usr/lib/python3/dist-packages/colcon_core/task/python/colcon_distutils_commands:/home/user/ros2_ws/install/jackrobot_control/lib/python3.12/site-packages:${PYTHONPATH} /usr/bin/python3 -W ignore:setup.py install is deprecated -W ignore:easy_install command is deprecated setup.py develop --editable --build-directory /home/user/ros2_ws/build/jackrobot_control/build --no-deps symlink_data
[4.934s] INFO:colcon.colcon_core.shell:Creating environment hook '/home/user/ros2_ws/build/jackrobot_control/share/jackrobot_control/hook/pythonpath_develop.ps1'
[4.937s] INFO:colcon.colcon_core.shell:Creating environment descriptor '/home/user/ros2_ws/build/jackrobot_control/share/jackrobot_control/hook/pythonpath_develop.dsv'
[4.941s] INFO:colcon.colcon_core.shell:Creating environment hook '/home/user/ros2_ws/build/jackrobot_control/share/jackrobot_control/hook/pythonpath_develop.sh'
[4.945s] Level 1:colcon.colcon_core.environment:checking '/home/user/ros2_ws/install/jackrobot_control' for CMake module files
[4.947s] Level 1:colcon.colcon_core.environment:checking '/home/user/ros2_ws/install/jackrobot_control' for CMake config files
[4.948s] Level 1:colcon.colcon_core.environment:checking '/home/user/ros2_ws/install/jackrobot_control/lib'
[4.949s] Level 1:colcon.colcon_core.environment:checking '/home/user/ros2_ws/install/jackrobot_control/bin'
[4.949s] Level 1:colcon.colcon_core.environment:checking '/home/user/ros2_ws/install/jackrobot_control/lib/pkgconfig/jackrobot_control.pc'
[4.950s] Level 1:colcon.colcon_core.environment:checking '/home/user/ros2_ws/install/jackrobot_control/lib/python3.12/site-packages'
[4.951s] Level 1:colcon.colcon_core.shell:create_environment_hook('jackrobot_control', 'pythonpath')
[4.951s] INFO:colcon.colcon_core.shell:Creating environment hook '/home/user/ros2_ws/install/jackrobot_control/share/jackrobot_control/hook/pythonpath.ps1'
[4.952s] INFO:colcon.colcon_core.shell:Creating environment descriptor '/home/user/ros2_ws/install/jackrobot_control/share/jackrobot_control/hook/pythonpath.dsv'
[4.952s] INFO:colcon.colcon_core.shell:Creating environment hook '/home/user/ros2_ws/install/jackrobot_control/share/jackrobot_control/hook/pythonpath.sh'
[4.953s] Level 1:colcon.colcon_core.environment:checking '/home/user/ros2_ws/install/jackrobot_control/bin'
[4.953s] Level 1:colcon.colcon_core.environment:create_environment_scripts_only(jackrobot_control)
[4.953s] INFO:colcon.colcon_core.shell:Creating package script '/home/user/ros2_ws/install/jackrobot_control/share/jackrobot_control/package.ps1'
[4.955s] INFO:colcon.colcon_core.shell:Creating package descriptor '/home/user/ros2_ws/install/jackrobot_control/share/jackrobot_control/package.dsv'
[4.955s] INFO:colcon.colcon_core.shell:Creating package script '/home/user/ros2_ws/install/jackrobot_control/share/jackrobot_control/package.sh'
[4.956s] INFO:colcon.colcon_core.shell:Creating package script '/home/user/ros2_ws/install/jackrobot_control/share/jackrobot_control/package.bash'
[4.957s] INFO:colcon.colcon_core.shell:Creating package script '/home/user/ros2_ws/install/jackrobot_control/share/jackrobot_control/package.zsh'
[4.957s] Level 1:colcon.colcon_core.environment:create_file_with_runtime_dependencies(/home/user/ros2_ws/install/jackrobot_control/share/colcon-core/packages/jackrobot_control)
[5.236s] DEBUG:colcon.colcon_core.event_handler.log_command:Invoked command in '/home/user/ros2_ws/build/jackrobot_moveit_config' returned '0': CMAKE_PREFIX_PATH=/home/user/ros2_ws/install/jackrobot:/home/user/ros2_ws/install/jackrobot_moveit_config:/home/user/ros2_ws/install/jackrobot_gazebo:/opt/ros/jazzy/opt/gz_sim_vendor:/opt/ros/jazzy/opt/gz_sensors_vendor:/opt/ros/jazzy/opt/gz_physics_vendor:/opt/ros/jazzy/opt/sdformat_vendor:/opt/ros/jazzy/opt/gz_gui_vendor:/opt/ros/jazzy/opt/gz_transport_vendor:/opt/ros/jazzy/opt/gz_rendering_vendor:/opt/ros/jazzy/opt/gz_plugin_vendor:/opt/ros/jazzy/opt/gz_fuel_tools_vendor:/opt/ros/jazzy/opt/gz_msgs_vendor:/opt/ros/jazzy/opt/gz_common_vendor:/opt/ros/jazzy/opt/gz_math_vendor:/opt/ros/jazzy/opt/gz_utils_vendor:/opt/ros/jazzy/opt/gz_tools_vendor:/opt/ros/jazzy/opt/gz_ogre_next_vendor:/opt/ros/jazzy/opt/gz_dartsim_vendor:/opt/ros/jazzy/opt/gz_cmake_vendor:/home/user/ros2_ws/install/jackrobot_control:/opt/ros/jazzy DEBUGINFOD_URLS=https://debuginfod.ubuntu.com /usr/bin/cmake /home/user/ros2_ws/src/jackrobot_moveit_config -DAMENT_CMAKE_SYMLINK_INSTALL=1 -DCMAKE_INSTALL_PREFIX=/home/user/ros2_ws/install/jackrobot_moveit_config
[5.237s] DEBUG:colcon.colcon_core.event_handler.log_command:Invoking command in '/home/user/ros2_ws/build/jackrobot_moveit_config': CMAKE_PREFIX_PATH=/home/user/ros2_ws/install/jackrobot:/home/user/ros2_ws/install/jackrobot_moveit_config:/home/user/ros2_ws/install/jackrobot_gazebo:/opt/ros/jazzy/opt/gz_sim_vendor:/opt/ros/jazzy/opt/gz_sensors_vendor:/opt/ros/jazzy/opt/gz_physics_vendor:/opt/ros/jazzy/opt/sdformat_vendor:/opt/ros/jazzy/opt/gz_gui_vendor:/opt/ros/jazzy/opt/gz_transport_vendor:/opt/ros/jazzy/opt/gz_rendering_vendor:/opt/ros/jazzy/opt/gz_plugin_vendor:/opt/ros/jazzy/opt/gz_fuel_tools_vendor:/opt/ros/jazzy/opt/gz_msgs_vendor:/opt/ros/jazzy/opt/gz_common_vendor:/opt/ros/jazzy/opt/gz_math_vendor:/opt/ros/jazzy/opt/gz_utils_vendor:/opt/ros/jazzy/opt/gz_tools_vendor:/opt/ros/jazzy/opt/gz_ogre_next_vendor:/opt/ros/jazzy/opt/gz_dartsim_vendor:/opt/ros/jazzy/opt/gz_cmake_vendor:/home/user/ros2_ws/install/jackrobot_control:/opt/ros/jazzy DEBUGINFOD_URLS=https://debuginfod.ubuntu.com /usr/bin/cmake --build /home/user/ros2_ws/build/jackrobot_moveit_config -- -j4 -l4
[5.345s] DEBUG:colcon.colcon_core.event_handler.log_command:Invoked command in '/home/user/ros2_ws/build/jackrobot_moveit_config' returned '0': CMAKE_PREFIX_PATH=/home/user/ros2_ws/install/jackrobot:/home/user/ros2_ws/install/jackrobot_moveit_config:/home/user/ros2_ws/install/jackrobot_gazebo:/opt/ros/jazzy/opt/gz_sim_vendor:/opt/ros/jazzy/opt/gz_sensors_vendor:/opt/ros/jazzy/opt/gz_physics_vendor:/opt/ros/jazzy/opt/sdformat_vendor:/opt/ros/jazzy/opt/gz_gui_vendor:/opt/ros/jazzy/opt/gz_transport_vendor:/opt/ros/jazzy/opt/gz_rendering_vendor:/opt/ros/jazzy/opt/gz_plugin_vendor:/opt/ros/jazzy/opt/gz_fuel_tools_vendor:/opt/ros/jazzy/opt/gz_msgs_vendor:/opt/ros/jazzy/opt/gz_common_vendor:/opt/ros/jazzy/opt/gz_math_vendor:/opt/ros/jazzy/opt/gz_utils_vendor:/opt/ros/jazzy/opt/gz_tools_vendor:/opt/ros/jazzy/opt/gz_ogre_next_vendor:/opt/ros/jazzy/opt/gz_dartsim_vendor:/opt/ros/jazzy/opt/gz_cmake_vendor:/home/user/ros2_ws/install/jackrobot_control:/opt/ros/jazzy DEBUGINFOD_URLS=https://debuginfod.ubuntu.com /usr/bin/cmake --build /home/user/ros2_ws/build/jackrobot_moveit_config -- -j4 -l4
[5.347s] DEBUG:colcon.colcon_core.event_handler.log_command:Invoking command in '/home/user/ros2_ws/build/jackrobot_moveit_config': CMAKE_PREFIX_PATH=/home/user/ros2_ws/install/jackrobot:/home/user/ros2_ws/install/jackrobot_moveit_config:/home/user/ros2_ws/install/jackrobot_gazebo:/opt/ros/jazzy/opt/gz_sim_vendor:/opt/ros/jazzy/opt/gz_sensors_vendor:/opt/ros/jazzy/opt/gz_physics_vendor:/opt/ros/jazzy/opt/sdformat_vendor:/opt/ros/jazzy/opt/gz_gui_vendor:/opt/ros/jazzy/opt/gz_transport_vendor:/opt/ros/jazzy/opt/gz_rendering_vendor:/opt/ros/jazzy/opt/gz_plugin_vendor:/opt/ros/jazzy/opt/gz_fuel_tools_vendor:/opt/ros/jazzy/opt/gz_msgs_vendor:/opt/ros/jazzy/opt/gz_common_vendor:/opt/ros/jazzy/opt/gz_math_vendor:/opt/ros/jazzy/opt/gz_utils_vendor:/opt/ros/jazzy/opt/gz_tools_vendor:/opt/ros/jazzy/opt/gz_ogre_next_vendor:/opt/ros/jazzy/opt/gz_dartsim_vendor:/opt/ros/jazzy/opt/gz_cmake_vendor:/home/user/ros2_ws/install/jackrobot_control:/opt/ros/jazzy DEBUGINFOD_URLS=https://debuginfod.ubuntu.com /usr/bin/cmake --install /home/user/ros2_ws/build/jackrobot_moveit_config
[6.084s] Level 1:colcon.colcon_core.environment:create_environment_scripts_only(jackrobot_moveit_config)
[6.085s] Level 1:colcon.colcon_core.environment:checking '/home/user/ros2_ws/install/jackrobot_moveit_config' for CMake module files
[6.086s] Level 1:colcon.colcon_core.environment:checking '/home/user/ros2_ws/install/jackrobot_moveit_config' for CMake config files
[6.086s] Level 1:colcon.colcon_core.shell:create_environment_hook('jackrobot_moveit_config', 'cmake_prefix_path')
[6.088s] DEBUG:colcon.colcon_core.event_handler.log_command:Invoked command in '/home/user/ros2_ws/build/jackrobot_moveit_config' returned '0': CMAKE_PREFIX_PATH=/home/user/ros2_ws/install/jackrobot:/home/user/ros2_ws/install/jackrobot_moveit_config:/home/user/ros2_ws/install/jackrobot_gazebo:/opt/ros/jazzy/opt/gz_sim_vendor:/opt/ros/jazzy/opt/gz_sensors_vendor:/opt/ros/jazzy/opt/gz_physics_vendor:/opt/ros/jazzy/opt/sdformat_vendor:/opt/ros/jazzy/opt/gz_gui_vendor:/opt/ros/jazzy/opt/gz_transport_vendor:/opt/ros/jazzy/opt/gz_rendering_vendor:/opt/ros/jazzy/opt/gz_plugin_vendor:/opt/ros/jazzy/opt/gz_fuel_tools_vendor:/opt/ros/jazzy/opt/gz_msgs_vendor:/opt/ros/jazzy/opt/gz_common_vendor:/opt/ros/jazzy/opt/gz_math_vendor:/opt/ros/jazzy/opt/gz_utils_vendor:/opt/ros/jazzy/opt/gz_tools_vendor:/opt/ros/jazzy/opt/gz_ogre_next_vendor:/opt/ros/jazzy/opt/gz_dartsim_vendor:/opt/ros/jazzy/opt/gz_cmake_vendor:/home/user/ros2_ws/install/jackrobot_control:/opt/ros/jazzy DEBUGINFOD_URLS=https://debuginfod.ubuntu.com /usr/bin/cmake --install /home/user/ros2_ws/build/jackrobot_moveit_config
[6.089s] INFO:colcon.colcon_core.shell:Creating environment hook '/home/user/ros2_ws/install/jackrobot_moveit_config/share/jackrobot_moveit_config/hook/cmake_prefix_path.ps1'
[6.094s] INFO:colcon.colcon_core.shell:Creating environment descriptor '/home/user/ros2_ws/install/jackrobot_moveit_config/share/jackrobot_moveit_config/hook/cmake_prefix_path.dsv'
[6.096s] INFO:colcon.colcon_core.shell:Creating environment hook '/home/user/ros2_ws/install/jackrobot_moveit_config/share/jackrobot_moveit_config/hook/cmake_prefix_path.sh'
[6.097s] Level 1:colcon.colcon_core.environment:checking '/home/user/ros2_ws/install/jackrobot_moveit_config/bin'
[6.098s] Level 1:colcon.colcon_core.environment:checking '/home/user/ros2_ws/install/jackrobot_moveit_config/lib/pkgconfig/jackrobot_moveit_config.pc'
[6.098s] Level 1:colcon.colcon_core.environment:checking '/home/user/ros2_ws/install/jackrobot_moveit_config/lib/python3.12/site-packages'
[6.100s] Level 1:colcon.colcon_core.environment:checking '/home/user/ros2_ws/install/jackrobot_moveit_config/bin'
[6.102s] INFO:colcon.colcon_core.shell:Creating package script '/home/user/ros2_ws/install/jackrobot_moveit_config/share/jackrobot_moveit_config/package.ps1'
[6.105s] INFO:colcon.colcon_core.shell:Creating package descriptor '/home/user/ros2_ws/install/jackrobot_moveit_config/share/jackrobot_moveit_config/package.dsv'
[6.107s] INFO:colcon.colcon_core.shell:Creating package script '/home/user/ros2_ws/install/jackrobot_moveit_config/share/jackrobot_moveit_config/package.sh'
[6.108s] INFO:colcon.colcon_core.shell:Creating package script '/home/user/ros2_ws/install/jackrobot_moveit_config/share/jackrobot_moveit_config/package.bash'
[6.110s] INFO:colcon.colcon_core.shell:Creating package script '/home/user/ros2_ws/install/jackrobot_moveit_config/share/jackrobot_moveit_config/package.zsh'
[6.111s] Level 1:colcon.colcon_core.environment:create_file_with_runtime_dependencies(/home/user/ros2_ws/install/jackrobot_moveit_config/share/colcon-core/packages/jackrobot_moveit_config)
[6.114s] Level 1:colcon.colcon_core.environment:create_environment_scripts_only(jackrobot_moveit_config)
[6.115s] Level 1:colcon.colcon_core.environment:checking '/home/user/ros2_ws/install/jackrobot_moveit_config' for CMake module files
[6.118s] Level 1:colcon.colcon_core.environment:checking '/home/user/ros2_ws/install/jackrobot_moveit_config' for CMake config files
[6.118s] Level 1:colcon.colcon_core.shell:create_environment_hook('jackrobot_moveit_config', 'cmake_prefix_path')
[6.119s] INFO:colcon.colcon_core.shell:Creating environment hook '/home/user/ros2_ws/install/jackrobot_moveit_config/share/jackrobot_moveit_config/hook/cmake_prefix_path.ps1'
[6.120s] INFO:colcon.colcon_core.shell:Creating environment descriptor '/home/user/ros2_ws/install/jackrobot_moveit_config/share/jackrobot_moveit_config/hook/cmake_prefix_path.dsv'
[6.121s] INFO:colcon.colcon_core.shell:Creating environment hook '/home/user/ros2_ws/install/jackrobot_moveit_config/share/jackrobot_moveit_config/hook/cmake_prefix_path.sh'
[6.124s] Level 1:colcon.colcon_core.environment:checking '/home/user/ros2_ws/install/jackrobot_moveit_config/bin'
[6.124s] Level 1:colcon.colcon_core.environment:checking '/home/user/ros2_ws/install/jackrobot_moveit_config/lib/pkgconfig/jackrobot_moveit_config.pc'
[6.125s] Level 1:colcon.colcon_core.environment:checking '/home/user/ros2_ws/install/jackrobot_moveit_config/lib/python3.12/site-packages'
[6.130s] Level 1:colcon.colcon_core.environment:checking '/home/user/ros2_ws/install/jackrobot_moveit_config/bin'
[6.132s] INFO:colcon.colcon_core.shell:Creating package script '/home/user/ros2_ws/install/jackrobot_moveit_config/share/jackrobot_moveit_config/package.ps1'
[6.134s] INFO:colcon.colcon_core.shell:Creating package descriptor '/home/user/ros2_ws/install/jackrobot_moveit_config/share/jackrobot_moveit_config/package.dsv'
[6.135s] INFO:colcon.colcon_core.shell:Creating package script '/home/user/ros2_ws/install/jackrobot_moveit_config/share/jackrobot_moveit_config/package.sh'
[6.137s] INFO:colcon.colcon_core.shell:Creating package script '/home/user/ros2_ws/install/jackrobot_moveit_config/share/jackrobot_moveit_config/package.bash'
[6.140s] INFO:colcon.colcon_core.shell:Creating package script '/home/user/ros2_ws/install/jackrobot_moveit_config/share/jackrobot_moveit_config/package.zsh'
[6.144s] Level 1:colcon.colcon_core.environment:create_file_with_runtime_dependencies(/home/user/ros2_ws/install/jackrobot_moveit_config/share/colcon-core/packages/jackrobot_moveit_config)
[6.147s] DEBUG:colcon.colcon_parallel_executor.executor.parallel:closing loop
[6.148s] DEBUG:colcon.colcon_parallel_executor.executor.parallel:loop closed
[6.149s] DEBUG:colcon.colcon_parallel_executor.executor.parallel:run_until_complete finished with '0'
[6.150s] DEBUG:colcon.colcon_core.event_reactor:joining thread
[6.168s] INFO:colcon.colcon_core.plugin_system:Skipping extension 'colcon_notification.desktop_notification.terminal_notifier': Not used on non-Darwin systems
[6.168s] INFO:colcon.colcon_core.plugin_system:Skipping extension 'colcon_notification.desktop_notification.win32': Not used on non-Windows systems
[6.169s] INFO:colcon.colcon_notification.desktop_notification:Sending desktop notification using 'notify2'
[6.199s] DEBUG:colcon.colcon_core.event_reactor:joined thread
[6.200s] INFO:colcon.colcon_core.shell:Creating prefix script '/home/user/ros2_ws/install/local_setup.ps1'
[6.203s] INFO:colcon.colcon_core.shell:Creating prefix util module '/home/user/ros2_ws/install/_local_setup_util_ps1.py'
[6.206s] INFO:colcon.colcon_core.shell:Creating prefix chain script '/home/user/ros2_ws/install/setup.ps1'
[6.209s] INFO:colcon.colcon_core.shell:Creating prefix script '/home/user/ros2_ws/install/local_setup.sh'
[6.211s] INFO:colcon.colcon_core.shell:Creating prefix util module '/home/user/ros2_ws/install/_local_setup_util_sh.py'
[6.213s] INFO:colcon.colcon_core.shell:Creating prefix chain script '/home/user/ros2_ws/install/setup.sh'
[6.217s] INFO:colcon.colcon_core.shell:Creating prefix script '/home/user/ros2_ws/install/local_setup.bash'
[6.218s] INFO:colcon.colcon_core.shell:Creating prefix chain script '/home/user/ros2_ws/install/setup.bash'
[6.221s] INFO:colcon.colcon_core.shell:Creating prefix script '/home/user/ros2_ws/install/local_setup.zsh'
[6.223s] INFO:colcon.colcon_core.shell:Creating prefix chain script '/home/user/ros2_ws/install/setup.zsh'
