[0.536s] Invoking command in '/home/user/ros2_ws/build/jackrobot_gazebo': CMAKE_PREFIX_PATH=${CMAKE_PREFIX_PATH}:/home/user/ros2_ws/install/jackrobot_control:/opt/ros/jazzy DEBUGINFOD_URLS=https://debuginfod.ubuntu.com /usr/bin/cmake /home/user/ros2_ws/src/jackrobot_gazebo -DAMENT_CMAKE_SYMLINK_INSTALL=1 -DCMAKE_INSTALL_PREFIX=/home/user/ros2_ws/install/jackrobot_gazebo
[0.730s] -- The C compiler identification is GNU 13.3.0
[0.863s] -- The CXX compiler identification is GNU 13.3.0
[0.906s] -- Detecting C compiler ABI info
[1.097s] -- Detecting C compiler ABI info - done
[1.126s] -- Check for working C compiler: /usr/bin/cc - skipped
[1.126s] -- Detecting C compile features
[1.127s] -- Detecting C compile features - done
[1.144s] -- Detecting CXX compiler ABI info
[1.333s] -- Detecting CXX compiler ABI info - done
[1.360s] -- Check for working CXX compiler: /usr/bin/c++ - skipped
[1.360s] -- Detecting CXX compile features
[1.361s] -- Detecting CXX compile features - done
[1.380s] -- Found ament_cmake: 2.5.6 (/opt/ros/jazzy/share/ament_cmake/cmake)
[1.786s] -- Found Python3: /usr/bin/python3 (found version "3.12.3") found components: Interpreter 
[2.223s] -- Override CMake install command with custom implementation using symlinks instead of copying resources
[2.423s] -- Found ament_lint_auto: 0.17.5 (/opt/ros/jazzy/share/ament_lint_auto/cmake)
[2.731s] -- Added test 'flake8' to check Python code syntax and style conventions
[2.733s] -- Configured 'flake8' exclude dirs and/or files: 
[2.736s] -- Added test 'lint_cmake' to check CMake code style
[2.737s] -- Added test 'pep257' to check Python code against some of the docstring style conventions in PEP 257
[2.743s] -- Added test 'xmllint' to check XML markup files
[2.747s] -- Configuring done (2.2s)
[2.752s] -- Generating done (0.0s)
[2.756s] -- Build files have been written to: /home/user/ros2_ws/build/jackrobot_gazebo
[2.775s] Invoked command in '/home/user/ros2_ws/build/jackrobot_gazebo' returned '0': CMAKE_PREFIX_PATH=${CMAKE_PREFIX_PATH}:/home/user/ros2_ws/install/jackrobot_control:/opt/ros/jazzy DEBUGINFOD_URLS=https://debuginfod.ubuntu.com /usr/bin/cmake /home/user/ros2_ws/src/jackrobot_gazebo -DAMENT_CMAKE_SYMLINK_INSTALL=1 -DCMAKE_INSTALL_PREFIX=/home/user/ros2_ws/install/jackrobot_gazebo
[2.777s] Invoking command in '/home/user/ros2_ws/build/jackrobot_gazebo': CMAKE_PREFIX_PATH=${CMAKE_PREFIX_PATH}:/home/user/ros2_ws/install/jackrobot_control:/opt/ros/jazzy DEBUGINFOD_URLS=https://debuginfod.ubuntu.com /usr/bin/cmake --build /home/user/ros2_ws/build/jackrobot_gazebo -- -j4 -l4
[2.924s] Invoked command in '/home/user/ros2_ws/build/jackrobot_gazebo' returned '0': CMAKE_PREFIX_PATH=${CMAKE_PREFIX_PATH}:/home/user/ros2_ws/install/jackrobot_control:/opt/ros/jazzy DEBUGINFOD_URLS=https://debuginfod.ubuntu.com /usr/bin/cmake --build /home/user/ros2_ws/build/jackrobot_gazebo -- -j4 -l4
[2.926s] Invoking command in '/home/user/ros2_ws/build/jackrobot_gazebo': CMAKE_PREFIX_PATH=${CMAKE_PREFIX_PATH}:/home/user/ros2_ws/install/jackrobot_control:/opt/ros/jazzy DEBUGINFOD_URLS=https://debuginfod.ubuntu.com /usr/bin/cmake --install /home/user/ros2_ws/build/jackrobot_gazebo
[2.944s] -- Install configuration: ""
[2.945s] -- Execute custom install script
[2.946s] -- Symlinking: /home/user/ros2_ws/install/jackrobot_gazebo/share/jackrobot_gazebo/launch/spawn_robot.launch.py
[2.970s] -- Symlinking: /home/user/ros2_ws/install/jackrobot_gazebo/share/jackrobot_gazebo/launch/start_simulator.launch.xml
[2.994s] -- Symlinking: /home/user/ros2_ws/install/jackrobot_gazebo/share/jackrobot_gazebo/config/gz_bridge.yaml
[3.018s] -- Symlinking: /home/user/ros2_ws/install/jackrobot_gazebo/share/jackrobot_gazebo/worlds/empty.sdf
[3.036s] -- Symlinking: /home/user/ros2_ws/install/jackrobot_gazebo/share/ament_index/resource_index/package_run_dependencies/jackrobot_gazebo
[3.059s] -- Symlinking: /home/user/ros2_ws/install/jackrobot_gazebo/share/ament_index/resource_index/parent_prefix_path/jackrobot_gazebo
[3.079s] -- Symlinking: /home/user/ros2_ws/install/jackrobot_gazebo/share/jackrobot_gazebo/environment/ament_prefix_path.sh
[3.098s] -- Symlinking: /home/user/ros2_ws/install/jackrobot_gazebo/share/jackrobot_gazebo/environment/ament_prefix_path.dsv
[3.121s] -- Symlinking: /home/user/ros2_ws/install/jackrobot_gazebo/share/jackrobot_gazebo/environment/path.sh
[3.155s] -- Symlinking: /home/user/ros2_ws/install/jackrobot_gazebo/share/jackrobot_gazebo/environment/path.dsv
[3.195s] -- Symlinking: /home/user/ros2_ws/install/jackrobot_gazebo/share/jackrobot_gazebo/local_setup.bash
[3.215s] -- Symlinking: /home/user/ros2_ws/install/jackrobot_gazebo/share/jackrobot_gazebo/local_setup.sh
[3.270s] -- Symlinking: /home/user/ros2_ws/install/jackrobot_gazebo/share/jackrobot_gazebo/local_setup.zsh
[3.299s] -- Symlinking: /home/user/ros2_ws/install/jackrobot_gazebo/share/jackrobot_gazebo/local_setup.dsv
[3.318s] -- Symlinking: /home/user/ros2_ws/install/jackrobot_gazebo/share/jackrobot_gazebo/package.dsv
[3.336s] -- Symlinking: /home/user/ros2_ws/install/jackrobot_gazebo/share/ament_index/resource_index/packages/jackrobot_gazebo
[3.355s] -- Symlinking: /home/user/ros2_ws/install/jackrobot_gazebo/share/jackrobot_gazebo/cmake/jackrobot_gazeboConfig.cmake
[3.367s] -- Symlinking: /home/user/ros2_ws/install/jackrobot_gazebo/share/jackrobot_gazebo/cmake/jackrobot_gazeboConfig-version.cmake
[3.380s] -- Symlinking: /home/user/ros2_ws/install/jackrobot_gazebo/share/jackrobot_gazebo/package.xml
[3.398s] Invoked command in '/home/user/ros2_ws/build/jackrobot_gazebo' returned '0': CMAKE_PREFIX_PATH=${CMAKE_PREFIX_PATH}:/home/user/ros2_ws/install/jackrobot_control:/opt/ros/jazzy DEBUGINFOD_URLS=https://debuginfod.ubuntu.com /usr/bin/cmake --install /home/user/ros2_ws/build/jackrobot_gazebo
