[0.220s] DEBUG:colcon:Command line arguments: ['/usr/bin/colcon', 'build', '--symlink-install']
[0.220s] DEBUG:colcon:Parsed command line arguments: Namespace(log_base=None, log_level=None, verb_name='build', build_base='build', install_base='install', merge_install=False, symlink_install=True, test_result_base=None, continue_on_error=False, executor='parallel', parallel_workers=4, event_handlers=None, ignore_user_meta=False, metas=['./colcon.meta'], base_paths=['.'], packages_ignore=None, packages_ignore_regex=None, paths=None, packages_up_to=None, packages_up_to_regex=None, packages_above=None, packages_above_and_dependencies=None, packages_above_depth=None, packages_select_by_dep=None, packages_skip_by_dep=None, packages_skip_up_to=None, packages_select_build_failed=False, packages_skip_build_finished=False, packages_select_test_failures=False, packages_skip_test_passed=False, packages_select=None, packages_skip=None, packages_select_regex=None, packages_skip_regex=None, packages_start=None, packages_end=None, allow_overriding=[], cmake_args=None, cmake_target=None, cmake_target_skip_unavailable=False, cmake_clean_cache=False, cmake_clean_first=False, cmake_force_configure=False, ament_cmake_args=None, catkin_cmake_args=None, catkin_skip_building_tests=False, mixin_files=None, mixin=None, verb_parser=<colcon_mixin.mixin.mixin_argument.MixinArgumentDecorator object at 0x74f0fe396cc0>, verb_extension=<colcon_core.verb.build.BuildVerb object at 0x74f0fe334a70>, main=<bound method BuildVerb.main of <colcon_core.verb.build.BuildVerb object at 0x74f0fe334a70>>, mixin_verb=('build',))
[0.303s] Level 1:colcon.colcon_core.package_discovery:discover_packages(colcon_meta) check parameters
[0.303s] Level 1:colcon.colcon_core.package_discovery:discover_packages(recursive) check parameters
[0.303s] Level 1:colcon.colcon_core.package_discovery:discover_packages(ignore) check parameters
[0.303s] Level 1:colcon.colcon_core.package_discovery:discover_packages(path) check parameters
[0.303s] Level 1:colcon.colcon_core.package_discovery:discover_packages(colcon_meta) discover
[0.303s] Level 1:colcon.colcon_core.package_discovery:discover_packages(recursive) discover
[0.303s] INFO:colcon.colcon_core.package_discovery:Crawling recursively for packages in '/home/user/ros2_ws'
[0.303s] Level 1:colcon.colcon_core.package_identification:_identify(.) by extensions ['ignore', 'ignore_ament_install']
[0.304s] Level 1:colcon.colcon_core.package_identification:_identify(.) by extension 'ignore'
[0.304s] Level 1:colcon.colcon_core.package_identification:_identify(.) by extension 'ignore_ament_install'
[0.304s] Level 1:colcon.colcon_core.package_identification:_identify(.) by extensions ['colcon_pkg']
[0.304s] Level 1:colcon.colcon_core.package_identification:_identify(.) by extension 'colcon_pkg'
[0.304s] Level 1:colcon.colcon_core.package_identification:_identify(.) by extensions ['colcon_meta']
[0.304s] Level 1:colcon.colcon_core.package_identification:_identify(.) by extension 'colcon_meta'
[0.304s] Level 1:colcon.colcon_core.package_identification:_identify(.) by extensions ['ros']
[0.304s] Level 1:colcon.colcon_core.package_identification:_identify(.) by extension 'ros'
[0.349s] Level 1:colcon.colcon_core.package_identification:_identify(.) by extensions ['cmake', 'python']
[0.350s] Level 1:colcon.colcon_core.package_identification:_identify(.) by extension 'cmake'
[0.350s] Level 1:colcon.colcon_core.package_identification:_identify(.) by extension 'python'
[0.350s] Level 1:colcon.colcon_core.package_identification:_identify(.) by extensions ['python_setup_py']
[0.350s] Level 1:colcon.colcon_core.package_identification:_identify(.) by extension 'python_setup_py'
[0.350s] Level 1:colcon.colcon_core.package_identification:_identify(build) by extensions ['ignore', 'ignore_ament_install']
[0.350s] Level 1:colcon.colcon_core.package_identification:_identify(build) by extension 'ignore'
[0.350s] Level 1:colcon.colcon_core.package_identification:_identify(build) ignored
[0.350s] Level 1:colcon.colcon_core.package_identification:_identify(install) by extensions ['ignore', 'ignore_ament_install']
[0.353s] Level 1:colcon.colcon_core.package_identification:_identify(install) by extension 'ignore'
[0.353s] Level 1:colcon.colcon_core.package_identification:_identify(install) ignored
[0.354s] Level 1:colcon.colcon_core.package_identification:_identify(log) by extensions ['ignore', 'ignore_ament_install']
[0.354s] Level 1:colcon.colcon_core.package_identification:_identify(log) by extension 'ignore'
[0.354s] Level 1:colcon.colcon_core.package_identification:_identify(log) ignored
[0.354s] Level 1:colcon.colcon_core.package_identification:_identify(src) by extensions ['ignore', 'ignore_ament_install']
[0.354s] Level 1:colcon.colcon_core.package_identification:_identify(src) by extension 'ignore'
[0.354s] Level 1:colcon.colcon_core.package_identification:_identify(src) by extension 'ignore_ament_install'
[0.354s] Level 1:colcon.colcon_core.package_identification:_identify(src) by extensions ['colcon_pkg']
[0.354s] Level 1:colcon.colcon_core.package_identification:_identify(src) by extension 'colcon_pkg'
[0.354s] Level 1:colcon.colcon_core.package_identification:_identify(src) by extensions ['colcon_meta']
[0.354s] Level 1:colcon.colcon_core.package_identification:_identify(src) by extension 'colcon_meta'
[0.355s] Level 1:colcon.colcon_core.package_identification:_identify(src) by extensions ['ros']
[0.355s] Level 1:colcon.colcon_core.package_identification:_identify(src) by extension 'ros'
[0.355s] Level 1:colcon.colcon_core.package_identification:_identify(src) by extensions ['cmake', 'python']
[0.355s] Level 1:colcon.colcon_core.package_identification:_identify(src) by extension 'cmake'
[0.355s] Level 1:colcon.colcon_core.package_identification:_identify(src) by extension 'python'
[0.355s] Level 1:colcon.colcon_core.package_identification:_identify(src) by extensions ['python_setup_py']
[0.355s] Level 1:colcon.colcon_core.package_identification:_identify(src) by extension 'python_setup_py'
[0.355s] Level 1:colcon.colcon_core.package_identification:_identify(src/jackrobot) by extensions ['ignore', 'ignore_ament_install']
[0.355s] Level 1:colcon.colcon_core.package_identification:_identify(src/jackrobot) by extension 'ignore'
[0.355s] Level 1:colcon.colcon_core.package_identification:_identify(src/jackrobot) by extension 'ignore_ament_install'
[0.356s] Level 1:colcon.colcon_core.package_identification:_identify(src/jackrobot) by extensions ['colcon_pkg']
[0.356s] Level 1:colcon.colcon_core.package_identification:_identify(src/jackrobot) by extension 'colcon_pkg'
[0.356s] Level 1:colcon.colcon_core.package_identification:_identify(src/jackrobot) by extensions ['colcon_meta']
[0.356s] Level 1:colcon.colcon_core.package_identification:_identify(src/jackrobot) by extension 'colcon_meta'
[0.356s] Level 1:colcon.colcon_core.package_identification:_identify(src/jackrobot) by extensions ['ros']
[0.356s] Level 1:colcon.colcon_core.package_identification:_identify(src/jackrobot) by extension 'ros'
[0.361s] DEBUG:colcon.colcon_core.package_identification:Package 'src/jackrobot' with type 'ros.ament_cmake' and name 'jackrobot'
[0.361s] Level 1:colcon.colcon_core.package_identification:_identify(src/jackrobot_control) by extensions ['ignore', 'ignore_ament_install']
[0.362s] Level 1:colcon.colcon_core.package_identification:_identify(src/jackrobot_control) by extension 'ignore'
[0.362s] Level 1:colcon.colcon_core.package_identification:_identify(src/jackrobot_control) by extension 'ignore_ament_install'
[0.362s] Level 1:colcon.colcon_core.package_identification:_identify(src/jackrobot_control) by extensions ['colcon_pkg']
[0.362s] Level 1:colcon.colcon_core.package_identification:_identify(src/jackrobot_control) by extension 'colcon_pkg'
[0.362s] Level 1:colcon.colcon_core.package_identification:_identify(src/jackrobot_control) by extensions ['colcon_meta']
[0.362s] Level 1:colcon.colcon_core.package_identification:_identify(src/jackrobot_control) by extension 'colcon_meta'
[0.362s] Level 1:colcon.colcon_core.package_identification:_identify(src/jackrobot_control) by extensions ['ros']
[0.362s] Level 1:colcon.colcon_core.package_identification:_identify(src/jackrobot_control) by extension 'ros'
[0.363s] DEBUG:colcon.colcon_core.package_identification:Package 'src/jackrobot_control' with type 'ros.ament_python' and name 'jackrobot_control'
[0.363s] Level 1:colcon.colcon_core.package_identification:_identify(src/jackrobot_gazebo) by extensions ['ignore', 'ignore_ament_install']
[0.363s] Level 1:colcon.colcon_core.package_identification:_identify(src/jackrobot_gazebo) by extension 'ignore'
[0.363s] Level 1:colcon.colcon_core.package_identification:_identify(src/jackrobot_gazebo) by extension 'ignore_ament_install'
[0.364s] Level 1:colcon.colcon_core.package_identification:_identify(src/jackrobot_gazebo) by extensions ['colcon_pkg']
[0.364s] Level 1:colcon.colcon_core.package_identification:_identify(src/jackrobot_gazebo) by extension 'colcon_pkg'
[0.364s] Level 1:colcon.colcon_core.package_identification:_identify(src/jackrobot_gazebo) by extensions ['colcon_meta']
[0.364s] Level 1:colcon.colcon_core.package_identification:_identify(src/jackrobot_gazebo) by extension 'colcon_meta'
[0.364s] Level 1:colcon.colcon_core.package_identification:_identify(src/jackrobot_gazebo) by extensions ['ros']
[0.364s] Level 1:colcon.colcon_core.package_identification:_identify(src/jackrobot_gazebo) by extension 'ros'
[0.365s] DEBUG:colcon.colcon_core.package_identification:Package 'src/jackrobot_gazebo' with type 'ros.ament_cmake' and name 'jackrobot_gazebo'
[0.365s] Level 1:colcon.colcon_core.package_identification:_identify(src/jackrobot_moveit_config) by extensions ['ignore', 'ignore_ament_install']
[0.365s] Level 1:colcon.colcon_core.package_identification:_identify(src/jackrobot_moveit_config) by extension 'ignore'
[0.365s] Level 1:colcon.colcon_core.package_identification:_identify(src/jackrobot_moveit_config) by extension 'ignore_ament_install'
[0.365s] Level 1:colcon.colcon_core.package_identification:_identify(src/jackrobot_moveit_config) by extensions ['colcon_pkg']
[0.365s] Level 1:colcon.colcon_core.package_identification:_identify(src/jackrobot_moveit_config) by extension 'colcon_pkg'
[0.365s] Level 1:colcon.colcon_core.package_identification:_identify(src/jackrobot_moveit_config) by extensions ['colcon_meta']
[0.365s] Level 1:colcon.colcon_core.package_identification:_identify(src/jackrobot_moveit_config) by extension 'colcon_meta'
[0.365s] Level 1:colcon.colcon_core.package_identification:_identify(src/jackrobot_moveit_config) by extensions ['ros']
[0.365s] Level 1:colcon.colcon_core.package_identification:_identify(src/jackrobot_moveit_config) by extension 'ros'
[0.367s] DEBUG:colcon.colcon_core.package_identification:Package 'src/jackrobot_moveit_config' with type 'ros.ament_cmake' and name 'jackrobot_moveit_config'
[0.367s] Level 1:colcon.colcon_core.package_discovery:discover_packages(recursive) using defaults
[0.367s] Level 1:colcon.colcon_core.package_discovery:discover_packages(ignore) discover
[0.367s] Level 1:colcon.colcon_core.package_discovery:discover_packages(ignore) using defaults
[0.367s] Level 1:colcon.colcon_core.package_discovery:discover_packages(path) discover
[0.367s] Level 1:colcon.colcon_core.package_discovery:discover_packages(path) using defaults
[0.401s] Level 1:colcon.colcon_core.package_discovery:discover_packages(prefix_path) check parameters
[0.401s] Level 1:colcon.colcon_core.package_discovery:discover_packages(prefix_path) discover
[0.402s] WARNING:colcon.colcon_ros.prefix_path.ament:The path '/home/user/ros2_ws/install/jackrobot_gazebo' in the environment variable AMENT_PREFIX_PATH doesn't exist
[0.405s] WARNING:colcon.colcon_ros.prefix_path.catkin:The path '/home/user/ros2_ws/install/jackrobot_gazebo' in the environment variable CMAKE_PREFIX_PATH doesn't exist
[0.407s] DEBUG:colcon.colcon_installed_package_information.package_discovery:Found 3 installed packages in /home/user/ros2_ws/install
[0.416s] DEBUG:colcon.colcon_installed_package_information.package_discovery:Found 511 installed packages in /opt/ros/jazzy
[0.424s] Level 1:colcon.colcon_core.package_discovery:discover_packages(prefix_path) using defaults
[0.567s] Level 5:colcon.colcon_core.verb:set package 'jackrobot' build argument 'cmake_args' from command line to 'None'
[0.567s] Level 5:colcon.colcon_core.verb:set package 'jackrobot' build argument 'cmake_target' from command line to 'None'
[0.567s] Level 5:colcon.colcon_core.verb:set package 'jackrobot' build argument 'cmake_target_skip_unavailable' from command line to 'False'
[0.567s] Level 5:colcon.colcon_core.verb:set package 'jackrobot' build argument 'cmake_clean_cache' from command line to 'False'
[0.567s] Level 5:colcon.colcon_core.verb:set package 'jackrobot' build argument 'cmake_clean_first' from command line to 'False'
[0.567s] Level 5:colcon.colcon_core.verb:set package 'jackrobot' build argument 'cmake_force_configure' from command line to 'False'
[0.567s] Level 5:colcon.colcon_core.verb:set package 'jackrobot' build argument 'ament_cmake_args' from command line to 'None'
[0.567s] Level 5:colcon.colcon_core.verb:set package 'jackrobot' build argument 'catkin_cmake_args' from command line to 'None'
[0.567s] Level 5:colcon.colcon_core.verb:set package 'jackrobot' build argument 'catkin_skip_building_tests' from command line to 'False'
[0.567s] DEBUG:colcon.colcon_core.verb:Building package 'jackrobot' with the following arguments: {'ament_cmake_args': None, 'build_base': '/home/user/ros2_ws/build/jackrobot', 'catkin_cmake_args': None, 'catkin_skip_building_tests': False, 'cmake_args': None, 'cmake_clean_cache': False, 'cmake_clean_first': False, 'cmake_force_configure': False, 'cmake_target': None, 'cmake_target_skip_unavailable': False, 'install_base': '/home/user/ros2_ws/install/jackrobot', 'merge_install': False, 'path': '/home/user/ros2_ws/src/jackrobot', 'symlink_install': True, 'test_result_base': None}
[0.568s] Level 5:colcon.colcon_core.verb:set package 'jackrobot_control' build argument 'cmake_args' from command line to 'None'
[0.568s] Level 5:colcon.colcon_core.verb:set package 'jackrobot_control' build argument 'cmake_target' from command line to 'None'
[0.568s] Level 5:colcon.colcon_core.verb:set package 'jackrobot_control' build argument 'cmake_target_skip_unavailable' from command line to 'False'
[0.568s] Level 5:colcon.colcon_core.verb:set package 'jackrobot_control' build argument 'cmake_clean_cache' from command line to 'False'
[0.568s] Level 5:colcon.colcon_core.verb:set package 'jackrobot_control' build argument 'cmake_clean_first' from command line to 'False'
[0.568s] Level 5:colcon.colcon_core.verb:set package 'jackrobot_control' build argument 'cmake_force_configure' from command line to 'False'
[0.568s] Level 5:colcon.colcon_core.verb:set package 'jackrobot_control' build argument 'ament_cmake_args' from command line to 'None'
[0.568s] Level 5:colcon.colcon_core.verb:set package 'jackrobot_control' build argument 'catkin_cmake_args' from command line to 'None'
[0.568s] Level 5:colcon.colcon_core.verb:set package 'jackrobot_control' build argument 'catkin_skip_building_tests' from command line to 'False'
[0.568s] DEBUG:colcon.colcon_core.verb:Building package 'jackrobot_control' with the following arguments: {'ament_cmake_args': None, 'build_base': '/home/user/ros2_ws/build/jackrobot_control', 'catkin_cmake_args': None, 'catkin_skip_building_tests': False, 'cmake_args': None, 'cmake_clean_cache': False, 'cmake_clean_first': False, 'cmake_force_configure': False, 'cmake_target': None, 'cmake_target_skip_unavailable': False, 'install_base': '/home/user/ros2_ws/install/jackrobot_control', 'merge_install': False, 'path': '/home/user/ros2_ws/src/jackrobot_control', 'symlink_install': True, 'test_result_base': None}
[0.569s] Level 5:colcon.colcon_core.verb:set package 'jackrobot_gazebo' build argument 'cmake_args' from command line to 'None'
[0.569s] Level 5:colcon.colcon_core.verb:set package 'jackrobot_gazebo' build argument 'cmake_target' from command line to 'None'
[0.569s] Level 5:colcon.colcon_core.verb:set package 'jackrobot_gazebo' build argument 'cmake_target_skip_unavailable' from command line to 'False'
[0.569s] Level 5:colcon.colcon_core.verb:set package 'jackrobot_gazebo' build argument 'cmake_clean_cache' from command line to 'False'
[0.569s] Level 5:colcon.colcon_core.verb:set package 'jackrobot_gazebo' build argument 'cmake_clean_first' from command line to 'False'
[0.569s] Level 5:colcon.colcon_core.verb:set package 'jackrobot_gazebo' build argument 'cmake_force_configure' from command line to 'False'
[0.569s] Level 5:colcon.colcon_core.verb:set package 'jackrobot_gazebo' build argument 'ament_cmake_args' from command line to 'None'
[0.569s] Level 5:colcon.colcon_core.verb:set package 'jackrobot_gazebo' build argument 'catkin_cmake_args' from command line to 'None'
[0.569s] Level 5:colcon.colcon_core.verb:set package 'jackrobot_gazebo' build argument 'catkin_skip_building_tests' from command line to 'False'
[0.569s] DEBUG:colcon.colcon_core.verb:Building package 'jackrobot_gazebo' with the following arguments: {'ament_cmake_args': None, 'build_base': '/home/user/ros2_ws/build/jackrobot_gazebo', 'catkin_cmake_args': None, 'catkin_skip_building_tests': False, 'cmake_args': None, 'cmake_clean_cache': False, 'cmake_clean_first': False, 'cmake_force_configure': False, 'cmake_target': None, 'cmake_target_skip_unavailable': False, 'install_base': '/home/user/ros2_ws/install/jackrobot_gazebo', 'merge_install': False, 'path': '/home/user/ros2_ws/src/jackrobot_gazebo', 'symlink_install': True, 'test_result_base': None}
[0.569s] Level 5:colcon.colcon_core.verb:set package 'jackrobot_moveit_config' build argument 'cmake_args' from command line to 'None'
[0.569s] Level 5:colcon.colcon_core.verb:set package 'jackrobot_moveit_config' build argument 'cmake_target' from command line to 'None'
[0.569s] Level 5:colcon.colcon_core.verb:set package 'jackrobot_moveit_config' build argument 'cmake_target_skip_unavailable' from command line to 'False'
[0.569s] Level 5:colcon.colcon_core.verb:set package 'jackrobot_moveit_config' build argument 'cmake_clean_cache' from command line to 'False'
[0.570s] Level 5:colcon.colcon_core.verb:set package 'jackrobot_moveit_config' build argument 'cmake_clean_first' from command line to 'False'
[0.570s] Level 5:colcon.colcon_core.verb:set package 'jackrobot_moveit_config' build argument 'cmake_force_configure' from command line to 'False'
[0.570s] Level 5:colcon.colcon_core.verb:set package 'jackrobot_moveit_config' build argument 'ament_cmake_args' from command line to 'None'
[0.570s] Level 5:colcon.colcon_core.verb:set package 'jackrobot_moveit_config' build argument 'catkin_cmake_args' from command line to 'None'
[0.570s] Level 5:colcon.colcon_core.verb:set package 'jackrobot_moveit_config' build argument 'catkin_skip_building_tests' from command line to 'False'
[0.570s] DEBUG:colcon.colcon_core.verb:Building package 'jackrobot_moveit_config' with the following arguments: {'ament_cmake_args': None, 'build_base': '/home/user/ros2_ws/build/jackrobot_moveit_config', 'catkin_cmake_args': None, 'catkin_skip_building_tests': False, 'cmake_args': None, 'cmake_clean_cache': False, 'cmake_clean_first': False, 'cmake_force_configure': False, 'cmake_target': None, 'cmake_target_skip_unavailable': False, 'install_base': '/home/user/ros2_ws/install/jackrobot_moveit_config', 'merge_install': False, 'path': '/home/user/ros2_ws/src/jackrobot_moveit_config', 'symlink_install': True, 'test_result_base': None}
[0.570s] INFO:colcon.colcon_core.executor:Executing jobs using 'parallel' executor
[0.571s] DEBUG:colcon.colcon_parallel_executor.executor.parallel:run_until_complete
[0.571s] INFO:colcon.colcon_ros.task.ament_cmake.build:Building ROS package in '/home/user/ros2_ws/src/jackrobot' with build type 'ament_cmake'
[0.571s] INFO:colcon.colcon_cmake.task.cmake.build:Building CMake package in '/home/user/ros2_ws/src/jackrobot'
[0.581s] INFO:colcon.colcon_core.plugin_system:Skipping extension 'colcon_core.shell.bat': Not used on non-Windows systems
[0.581s] INFO:colcon.colcon_core.shell:Skip shell extension 'powershell' for command environment: Not usable outside of PowerShell
[0.581s] DEBUG:colcon.colcon_core.shell:Skip shell extension 'dsv' for command environment
[0.593s] INFO:colcon.colcon_ros.task.ament_python.build:Building ROS package in '/home/user/ros2_ws/src/jackrobot_control' with build type 'ament_python'
[0.593s] Level 1:colcon.colcon_core.shell:create_environment_hook('jackrobot_control', 'ament_prefix_path')
[0.594s] INFO:colcon.colcon_core.shell:Creating environment hook '/home/user/ros2_ws/install/jackrobot_control/share/jackrobot_control/hook/ament_prefix_path.ps1'
[0.596s] INFO:colcon.colcon_core.shell:Creating environment descriptor '/home/user/ros2_ws/install/jackrobot_control/share/jackrobot_control/hook/ament_prefix_path.dsv'
[0.599s] INFO:colcon.colcon_core.shell:Creating environment hook '/home/user/ros2_ws/install/jackrobot_control/share/jackrobot_control/hook/ament_prefix_path.sh'
[0.601s] INFO:colcon.colcon_core.shell:Skip shell extension 'powershell' for command environment: Not usable outside of PowerShell
[0.602s] DEBUG:colcon.colcon_core.shell:Skip shell extension 'dsv' for command environment
[0.616s] INFO:colcon.colcon_ros.task.ament_cmake.build:Building ROS package in '/home/user/ros2_ws/src/jackrobot_gazebo' with build type 'ament_cmake'
[0.616s] INFO:colcon.colcon_cmake.task.cmake.build:Building CMake package in '/home/user/ros2_ws/src/jackrobot_gazebo'
[0.616s] INFO:colcon.colcon_core.shell:Skip shell extension 'powershell' for command environment: Not usable outside of PowerShell
[0.616s] DEBUG:colcon.colcon_core.shell:Skip shell extension 'dsv' for command environment
[0.661s] DEBUG:colcon.colcon_core.event_handler.log_command:Invoking command in '/home/user/ros2_ws/build/jackrobot': CMAKE_PREFIX_PATH=${CMAKE_PREFIX_PATH}:/home/user/ros2_ws/install/jackrobot_control:/opt/ros/jazzy DEBUGINFOD_URLS=https://debuginfod.ubuntu.com /usr/bin/cmake --build /home/user/ros2_ws/build/jackrobot -- -j4 -l4
[1.135s] INFO:colcon.colcon_core.task.python.build:Building Python package in '/home/user/ros2_ws/src/jackrobot_control'
[1.135s] INFO:colcon.colcon_core.shell:Skip shell extension 'powershell' for command environment: Not usable outside of PowerShell
[1.136s] DEBUG:colcon.colcon_core.shell:Skip shell extension 'dsv' for command environment
[1.153s] DEBUG:colcon.colcon_core.event_handler.log_command:Invoking command in '/home/user/ros2_ws/build/jackrobot_gazebo': CMAKE_PREFIX_PATH=${CMAKE_PREFIX_PATH}:/home/user/ros2_ws/install/jackrobot_control:/opt/ros/jazzy DEBUGINFOD_URLS=https://debuginfod.ubuntu.com /usr/bin/cmake /home/user/ros2_ws/src/jackrobot_gazebo -DAMENT_CMAKE_SYMLINK_INSTALL=1 -DCMAKE_INSTALL_PREFIX=/home/user/ros2_ws/install/jackrobot_gazebo
[1.154s] DEBUG:colcon.colcon_core.event_handler.log_command:Invoked command in '/home/user/ros2_ws/build/jackrobot' returned '0': CMAKE_PREFIX_PATH=${CMAKE_PREFIX_PATH}:/home/user/ros2_ws/install/jackrobot_control:/opt/ros/jazzy DEBUGINFOD_URLS=https://debuginfod.ubuntu.com /usr/bin/cmake --build /home/user/ros2_ws/build/jackrobot -- -j4 -l4
[1.164s] DEBUG:colcon.colcon_core.event_handler.log_command:Invoking command in '/home/user/ros2_ws/build/jackrobot': CMAKE_PREFIX_PATH=${CMAKE_PREFIX_PATH}:/home/user/ros2_ws/install/jackrobot_control:/opt/ros/jazzy DEBUGINFOD_URLS=https://debuginfod.ubuntu.com /usr/bin/cmake --install /home/user/ros2_ws/build/jackrobot
[1.235s] Level 1:colcon.colcon_core.environment:create_environment_scripts_only(jackrobot)
[1.236s] DEBUG:colcon.colcon_core.event_handler.log_command:Invoked command in '/home/user/ros2_ws/build/jackrobot' returned '0': CMAKE_PREFIX_PATH=${CMAKE_PREFIX_PATH}:/home/user/ros2_ws/install/jackrobot_control:/opt/ros/jazzy DEBUGINFOD_URLS=https://debuginfod.ubuntu.com /usr/bin/cmake --install /home/user/ros2_ws/build/jackrobot
[1.242s] Level 1:colcon.colcon_core.environment:checking '/home/user/ros2_ws/install/jackrobot' for CMake module files
[1.245s] Level 1:colcon.colcon_core.environment:checking '/home/user/ros2_ws/install/jackrobot' for CMake config files
[1.245s] Level 1:colcon.colcon_core.shell:create_environment_hook('jackrobot', 'cmake_prefix_path')
[1.246s] INFO:colcon.colcon_core.shell:Creating environment hook '/home/user/ros2_ws/install/jackrobot/share/jackrobot/hook/cmake_prefix_path.ps1'
[1.247s] INFO:colcon.colcon_core.shell:Creating environment descriptor '/home/user/ros2_ws/install/jackrobot/share/jackrobot/hook/cmake_prefix_path.dsv'
[1.247s] INFO:colcon.colcon_core.shell:Creating environment hook '/home/user/ros2_ws/install/jackrobot/share/jackrobot/hook/cmake_prefix_path.sh'
[1.248s] Level 1:colcon.colcon_core.environment:checking '/home/user/ros2_ws/install/jackrobot/bin'
[1.248s] Level 1:colcon.colcon_core.environment:checking '/home/user/ros2_ws/install/jackrobot/lib/pkgconfig/jackrobot.pc'
[1.249s] Level 1:colcon.colcon_core.environment:checking '/home/user/ros2_ws/install/jackrobot/lib/python3.12/site-packages'
[1.250s] Level 1:colcon.colcon_core.environment:checking '/home/user/ros2_ws/install/jackrobot/bin'
[1.250s] INFO:colcon.colcon_core.shell:Creating package script '/home/user/ros2_ws/install/jackrobot/share/jackrobot/package.ps1'
[1.253s] INFO:colcon.colcon_core.shell:Creating package descriptor '/home/user/ros2_ws/install/jackrobot/share/jackrobot/package.dsv'
[1.254s] INFO:colcon.colcon_core.shell:Creating package script '/home/user/ros2_ws/install/jackrobot/share/jackrobot/package.sh'
[1.255s] INFO:colcon.colcon_core.shell:Creating package script '/home/user/ros2_ws/install/jackrobot/share/jackrobot/package.bash'
[1.257s] INFO:colcon.colcon_core.shell:Creating package script '/home/user/ros2_ws/install/jackrobot/share/jackrobot/package.zsh'
[1.259s] Level 1:colcon.colcon_core.environment:create_file_with_runtime_dependencies(/home/user/ros2_ws/install/jackrobot/share/colcon-core/packages/jackrobot)
[1.261s] Level 1:colcon.colcon_core.environment:create_environment_scripts_only(jackrobot)
[1.262s] Level 1:colcon.colcon_core.environment:checking '/home/user/ros2_ws/install/jackrobot' for CMake module files
[1.265s] Level 1:colcon.colcon_core.environment:checking '/home/user/ros2_ws/install/jackrobot' for CMake config files
[1.265s] Level 1:colcon.colcon_core.shell:create_environment_hook('jackrobot', 'cmake_prefix_path')
[1.266s] INFO:colcon.colcon_core.shell:Creating environment hook '/home/user/ros2_ws/install/jackrobot/share/jackrobot/hook/cmake_prefix_path.ps1'
[1.268s] INFO:colcon.colcon_core.shell:Creating environment descriptor '/home/user/ros2_ws/install/jackrobot/share/jackrobot/hook/cmake_prefix_path.dsv'
[1.269s] INFO:colcon.colcon_core.shell:Creating environment hook '/home/user/ros2_ws/install/jackrobot/share/jackrobot/hook/cmake_prefix_path.sh'
[1.271s] Level 1:colcon.colcon_core.environment:checking '/home/user/ros2_ws/install/jackrobot/bin'
[1.271s] Level 1:colcon.colcon_core.environment:checking '/home/user/ros2_ws/install/jackrobot/lib/pkgconfig/jackrobot.pc'
[1.272s] Level 1:colcon.colcon_core.environment:checking '/home/user/ros2_ws/install/jackrobot/lib/python3.12/site-packages'
[1.272s] Level 1:colcon.colcon_core.environment:checking '/home/user/ros2_ws/install/jackrobot/bin'
[1.273s] INFO:colcon.colcon_core.shell:Creating package script '/home/user/ros2_ws/install/jackrobot/share/jackrobot/package.ps1'
[1.274s] INFO:colcon.colcon_core.shell:Creating package descriptor '/home/user/ros2_ws/install/jackrobot/share/jackrobot/package.dsv'
[1.275s] INFO:colcon.colcon_core.shell:Creating package script '/home/user/ros2_ws/install/jackrobot/share/jackrobot/package.sh'
[1.276s] INFO:colcon.colcon_core.shell:Creating package script '/home/user/ros2_ws/install/jackrobot/share/jackrobot/package.bash'
[1.278s] INFO:colcon.colcon_core.shell:Creating package script '/home/user/ros2_ws/install/jackrobot/share/jackrobot/package.zsh'
[1.279s] Level 1:colcon.colcon_core.environment:create_file_with_runtime_dependencies(/home/user/ros2_ws/install/jackrobot/share/colcon-core/packages/jackrobot)
[1.280s] INFO:colcon.colcon_ros.task.ament_cmake.build:Building ROS package in '/home/user/ros2_ws/src/jackrobot_moveit_config' with build type 'ament_cmake'
[1.280s] INFO:colcon.colcon_cmake.task.cmake.build:Building CMake package in '/home/user/ros2_ws/src/jackrobot_moveit_config'
[1.281s] INFO:colcon.colcon_core.shell:Skip shell extension 'powershell' for command environment: Not usable outside of PowerShell
[1.281s] DEBUG:colcon.colcon_core.shell:Skip shell extension 'dsv' for command environment
[1.330s] DEBUG:colcon.colcon_core.event_handler.log_command:Invoking command in '/home/user/ros2_ws/build/jackrobot_moveit_config': CMAKE_PREFIX_PATH=/home/user/ros2_ws/install/jackrobot:/home/user/ros2_ws/install/jackrobot_moveit_config:/home/user/ros2_ws/install/jackrobot_gazebo:/opt/ros/jazzy/opt/gz_sim_vendor:/opt/ros/jazzy/opt/gz_sensors_vendor:/opt/ros/jazzy/opt/gz_physics_vendor:/opt/ros/jazzy/opt/sdformat_vendor:/opt/ros/jazzy/opt/gz_gui_vendor:/opt/ros/jazzy/opt/gz_transport_vendor:/opt/ros/jazzy/opt/gz_rendering_vendor:/opt/ros/jazzy/opt/gz_plugin_vendor:/opt/ros/jazzy/opt/gz_fuel_tools_vendor:/opt/ros/jazzy/opt/gz_msgs_vendor:/opt/ros/jazzy/opt/gz_common_vendor:/opt/ros/jazzy/opt/gz_math_vendor:/opt/ros/jazzy/opt/gz_utils_vendor:/opt/ros/jazzy/opt/gz_tools_vendor:/opt/ros/jazzy/opt/gz_ogre_next_vendor:/opt/ros/jazzy/opt/gz_dartsim_vendor:/opt/ros/jazzy/opt/gz_cmake_vendor:/home/user/ros2_ws/install/jackrobot_control:/opt/ros/jazzy DEBUGINFOD_URLS=https://debuginfod.ubuntu.com /usr/bin/cmake --build /home/user/ros2_ws/build/jackrobot_moveit_config -- -j4 -l4
[1.451s] DEBUG:colcon.colcon_core.event_handler.log_command:Invoked command in '/home/user/ros2_ws/build/jackrobot_moveit_config' returned '0': CMAKE_PREFIX_PATH=/home/user/ros2_ws/install/jackrobot:/home/user/ros2_ws/install/jackrobot_moveit_config:/home/user/ros2_ws/install/jackrobot_gazebo:/opt/ros/jazzy/opt/gz_sim_vendor:/opt/ros/jazzy/opt/gz_sensors_vendor:/opt/ros/jazzy/opt/gz_physics_vendor:/opt/ros/jazzy/opt/sdformat_vendor:/opt/ros/jazzy/opt/gz_gui_vendor:/opt/ros/jazzy/opt/gz_transport_vendor:/opt/ros/jazzy/opt/gz_rendering_vendor:/opt/ros/jazzy/opt/gz_plugin_vendor:/opt/ros/jazzy/opt/gz_fuel_tools_vendor:/opt/ros/jazzy/opt/gz_msgs_vendor:/opt/ros/jazzy/opt/gz_common_vendor:/opt/ros/jazzy/opt/gz_math_vendor:/opt/ros/jazzy/opt/gz_utils_vendor:/opt/ros/jazzy/opt/gz_tools_vendor:/opt/ros/jazzy/opt/gz_ogre_next_vendor:/opt/ros/jazzy/opt/gz_dartsim_vendor:/opt/ros/jazzy/opt/gz_cmake_vendor:/home/user/ros2_ws/install/jackrobot_control:/opt/ros/jazzy DEBUGINFOD_URLS=https://debuginfod.ubuntu.com /usr/bin/cmake --build /home/user/ros2_ws/build/jackrobot_moveit_config -- -j4 -l4
[1.453s] DEBUG:colcon.colcon_core.event_handler.log_command:Invoking command in '/home/user/ros2_ws/build/jackrobot_moveit_config': CMAKE_PREFIX_PATH=/home/user/ros2_ws/install/jackrobot:/home/user/ros2_ws/install/jackrobot_moveit_config:/home/user/ros2_ws/install/jackrobot_gazebo:/opt/ros/jazzy/opt/gz_sim_vendor:/opt/ros/jazzy/opt/gz_sensors_vendor:/opt/ros/jazzy/opt/gz_physics_vendor:/opt/ros/jazzy/opt/sdformat_vendor:/opt/ros/jazzy/opt/gz_gui_vendor:/opt/ros/jazzy/opt/gz_transport_vendor:/opt/ros/jazzy/opt/gz_rendering_vendor:/opt/ros/jazzy/opt/gz_plugin_vendor:/opt/ros/jazzy/opt/gz_fuel_tools_vendor:/opt/ros/jazzy/opt/gz_msgs_vendor:/opt/ros/jazzy/opt/gz_common_vendor:/opt/ros/jazzy/opt/gz_math_vendor:/opt/ros/jazzy/opt/gz_utils_vendor:/opt/ros/jazzy/opt/gz_tools_vendor:/opt/ros/jazzy/opt/gz_ogre_next_vendor:/opt/ros/jazzy/opt/gz_dartsim_vendor:/opt/ros/jazzy/opt/gz_cmake_vendor:/home/user/ros2_ws/install/jackrobot_control:/opt/ros/jazzy DEBUGINFOD_URLS=https://debuginfod.ubuntu.com /usr/bin/cmake --install /home/user/ros2_ws/build/jackrobot_moveit_config
[1.521s] Level 1:colcon.colcon_core.environment:create_environment_scripts_only(jackrobot_moveit_config)
[1.522s] Level 1:colcon.colcon_core.environment:checking '/home/user/ros2_ws/install/jackrobot_moveit_config' for CMake module files
[1.523s] DEBUG:colcon.colcon_core.event_handler.log_command:Invoked command in '/home/user/ros2_ws/build/jackrobot_moveit_config' returned '0': CMAKE_PREFIX_PATH=/home/user/ros2_ws/install/jackrobot:/home/user/ros2_ws/install/jackrobot_moveit_config:/home/user/ros2_ws/install/jackrobot_gazebo:/opt/ros/jazzy/opt/gz_sim_vendor:/opt/ros/jazzy/opt/gz_sensors_vendor:/opt/ros/jazzy/opt/gz_physics_vendor:/opt/ros/jazzy/opt/sdformat_vendor:/opt/ros/jazzy/opt/gz_gui_vendor:/opt/ros/jazzy/opt/gz_transport_vendor:/opt/ros/jazzy/opt/gz_rendering_vendor:/opt/ros/jazzy/opt/gz_plugin_vendor:/opt/ros/jazzy/opt/gz_fuel_tools_vendor:/opt/ros/jazzy/opt/gz_msgs_vendor:/opt/ros/jazzy/opt/gz_common_vendor:/opt/ros/jazzy/opt/gz_math_vendor:/opt/ros/jazzy/opt/gz_utils_vendor:/opt/ros/jazzy/opt/gz_tools_vendor:/opt/ros/jazzy/opt/gz_ogre_next_vendor:/opt/ros/jazzy/opt/gz_dartsim_vendor:/opt/ros/jazzy/opt/gz_cmake_vendor:/home/user/ros2_ws/install/jackrobot_control:/opt/ros/jazzy DEBUGINFOD_URLS=https://debuginfod.ubuntu.com /usr/bin/cmake --install /home/user/ros2_ws/build/jackrobot_moveit_config
[1.526s] Level 1:colcon.colcon_core.environment:checking '/home/user/ros2_ws/install/jackrobot_moveit_config' for CMake config files
[1.526s] Level 1:colcon.colcon_core.shell:create_environment_hook('jackrobot_moveit_config', 'cmake_prefix_path')
[1.528s] INFO:colcon.colcon_core.shell:Creating environment hook '/home/user/ros2_ws/install/jackrobot_moveit_config/share/jackrobot_moveit_config/hook/cmake_prefix_path.ps1'
[1.529s] INFO:colcon.colcon_core.shell:Creating environment descriptor '/home/user/ros2_ws/install/jackrobot_moveit_config/share/jackrobot_moveit_config/hook/cmake_prefix_path.dsv'
[1.529s] INFO:colcon.colcon_core.shell:Creating environment hook '/home/user/ros2_ws/install/jackrobot_moveit_config/share/jackrobot_moveit_config/hook/cmake_prefix_path.sh'
[1.531s] Level 1:colcon.colcon_core.environment:checking '/home/user/ros2_ws/install/jackrobot_moveit_config/bin'
[1.531s] Level 1:colcon.colcon_core.environment:checking '/home/user/ros2_ws/install/jackrobot_moveit_config/lib/pkgconfig/jackrobot_moveit_config.pc'
[1.532s] Level 1:colcon.colcon_core.environment:checking '/home/user/ros2_ws/install/jackrobot_moveit_config/lib/python3.12/site-packages'
[1.534s] Level 1:colcon.colcon_core.environment:checking '/home/user/ros2_ws/install/jackrobot_moveit_config/bin'
[1.535s] INFO:colcon.colcon_core.shell:Creating package script '/home/user/ros2_ws/install/jackrobot_moveit_config/share/jackrobot_moveit_config/package.ps1'
[1.537s] INFO:colcon.colcon_core.shell:Creating package descriptor '/home/user/ros2_ws/install/jackrobot_moveit_config/share/jackrobot_moveit_config/package.dsv'
[1.540s] INFO:colcon.colcon_core.shell:Creating package script '/home/user/ros2_ws/install/jackrobot_moveit_config/share/jackrobot_moveit_config/package.sh'
[1.542s] INFO:colcon.colcon_core.shell:Creating package script '/home/user/ros2_ws/install/jackrobot_moveit_config/share/jackrobot_moveit_config/package.bash'
[1.543s] INFO:colcon.colcon_core.shell:Creating package script '/home/user/ros2_ws/install/jackrobot_moveit_config/share/jackrobot_moveit_config/package.zsh'
[1.544s] Level 1:colcon.colcon_core.environment:create_file_with_runtime_dependencies(/home/user/ros2_ws/install/jackrobot_moveit_config/share/colcon-core/packages/jackrobot_moveit_config)
[1.545s] Level 1:colcon.colcon_core.environment:create_environment_scripts_only(jackrobot_moveit_config)
[1.545s] Level 1:colcon.colcon_core.environment:checking '/home/user/ros2_ws/install/jackrobot_moveit_config' for CMake module files
[1.546s] Level 1:colcon.colcon_core.environment:checking '/home/user/ros2_ws/install/jackrobot_moveit_config' for CMake config files
[1.546s] Level 1:colcon.colcon_core.shell:create_environment_hook('jackrobot_moveit_config', 'cmake_prefix_path')
[1.547s] INFO:colcon.colcon_core.shell:Creating environment hook '/home/user/ros2_ws/install/jackrobot_moveit_config/share/jackrobot_moveit_config/hook/cmake_prefix_path.ps1'
[1.547s] INFO:colcon.colcon_core.shell:Creating environment descriptor '/home/user/ros2_ws/install/jackrobot_moveit_config/share/jackrobot_moveit_config/hook/cmake_prefix_path.dsv'
[1.548s] INFO:colcon.colcon_core.shell:Creating environment hook '/home/user/ros2_ws/install/jackrobot_moveit_config/share/jackrobot_moveit_config/hook/cmake_prefix_path.sh'
[1.549s] Level 1:colcon.colcon_core.environment:checking '/home/user/ros2_ws/install/jackrobot_moveit_config/bin'
[1.549s] Level 1:colcon.colcon_core.environment:checking '/home/user/ros2_ws/install/jackrobot_moveit_config/lib/pkgconfig/jackrobot_moveit_config.pc'
[1.549s] Level 1:colcon.colcon_core.environment:checking '/home/user/ros2_ws/install/jackrobot_moveit_config/lib/python3.12/site-packages'
[1.551s] Level 1:colcon.colcon_core.environment:checking '/home/user/ros2_ws/install/jackrobot_moveit_config/bin'
[1.551s] INFO:colcon.colcon_core.shell:Creating package script '/home/user/ros2_ws/install/jackrobot_moveit_config/share/jackrobot_moveit_config/package.ps1'
[1.552s] INFO:colcon.colcon_core.shell:Creating package descriptor '/home/user/ros2_ws/install/jackrobot_moveit_config/share/jackrobot_moveit_config/package.dsv'
[1.554s] INFO:colcon.colcon_core.shell:Creating package script '/home/user/ros2_ws/install/jackrobot_moveit_config/share/jackrobot_moveit_config/package.sh'
[1.555s] INFO:colcon.colcon_core.shell:Creating package script '/home/user/ros2_ws/install/jackrobot_moveit_config/share/jackrobot_moveit_config/package.bash'
[1.556s] INFO:colcon.colcon_core.shell:Creating package script '/home/user/ros2_ws/install/jackrobot_moveit_config/share/jackrobot_moveit_config/package.zsh'
[1.557s] Level 1:colcon.colcon_core.environment:create_file_with_runtime_dependencies(/home/user/ros2_ws/install/jackrobot_moveit_config/share/colcon-core/packages/jackrobot_moveit_config)
[3.029s] DEBUG:colcon.colcon_core.event_handler.log_command:Invoking command in '/home/user/ros2_ws/build/jackrobot_control': DEBUGINFOD_URLS=https://debuginfod.ubuntu.com PYTHONPATH=/home/user/ros2_ws/build/jackrobot_control/prefix_override:/usr/lib/python3/dist-packages/colcon_core/task/python/colcon_distutils_commands:/home/user/ros2_ws/install/jackrobot_control/lib/python3.12/site-packages:${PYTHONPATH} /usr/bin/python3 -W ignore:setup.py install is deprecated -W ignore:easy_install command is deprecated setup.py develop --editable --build-directory /home/user/ros2_ws/build/jackrobot_control/build --no-deps symlink_data
[3.392s] DEBUG:colcon.colcon_core.event_handler.log_command:Invoked command in '/home/user/ros2_ws/build/jackrobot_gazebo' returned '0': CMAKE_PREFIX_PATH=${CMAKE_PREFIX_PATH}:/home/user/ros2_ws/install/jackrobot_control:/opt/ros/jazzy DEBUGINFOD_URLS=https://debuginfod.ubuntu.com /usr/bin/cmake /home/user/ros2_ws/src/jackrobot_gazebo -DAMENT_CMAKE_SYMLINK_INSTALL=1 -DCMAKE_INSTALL_PREFIX=/home/user/ros2_ws/install/jackrobot_gazebo
[3.395s] DEBUG:colcon.colcon_core.event_handler.log_command:Invoking command in '/home/user/ros2_ws/build/jackrobot_gazebo': CMAKE_PREFIX_PATH=${CMAKE_PREFIX_PATH}:/home/user/ros2_ws/install/jackrobot_control:/opt/ros/jazzy DEBUGINFOD_URLS=https://debuginfod.ubuntu.com /usr/bin/cmake --build /home/user/ros2_ws/build/jackrobot_gazebo -- -j4 -l4
[3.542s] DEBUG:colcon.colcon_core.event_handler.log_command:Invoked command in '/home/user/ros2_ws/build/jackrobot_gazebo' returned '0': CMAKE_PREFIX_PATH=${CMAKE_PREFIX_PATH}:/home/user/ros2_ws/install/jackrobot_control:/opt/ros/jazzy DEBUGINFOD_URLS=https://debuginfod.ubuntu.com /usr/bin/cmake --build /home/user/ros2_ws/build/jackrobot_gazebo -- -j4 -l4
[3.543s] DEBUG:colcon.colcon_core.event_handler.log_command:Invoking command in '/home/user/ros2_ws/build/jackrobot_gazebo': CMAKE_PREFIX_PATH=${CMAKE_PREFIX_PATH}:/home/user/ros2_ws/install/jackrobot_control:/opt/ros/jazzy DEBUGINFOD_URLS=https://debuginfod.ubuntu.com /usr/bin/cmake --install /home/user/ros2_ws/build/jackrobot_gazebo
[4.013s] Level 1:colcon.colcon_core.environment:create_environment_scripts_only(jackrobot_gazebo)
[4.014s] Level 1:colcon.colcon_core.environment:checking '/home/user/ros2_ws/install/jackrobot_gazebo' for CMake module files
[4.015s] DEBUG:colcon.colcon_core.event_handler.log_command:Invoked command in '/home/user/ros2_ws/build/jackrobot_gazebo' returned '0': CMAKE_PREFIX_PATH=${CMAKE_PREFIX_PATH}:/home/user/ros2_ws/install/jackrobot_control:/opt/ros/jazzy DEBUGINFOD_URLS=https://debuginfod.ubuntu.com /usr/bin/cmake --install /home/user/ros2_ws/build/jackrobot_gazebo
[4.016s] Level 1:colcon.colcon_core.environment:checking '/home/user/ros2_ws/install/jackrobot_gazebo' for CMake config files
[4.017s] Level 1:colcon.colcon_core.shell:create_environment_hook('jackrobot_gazebo', 'cmake_prefix_path')
[4.017s] INFO:colcon.colcon_core.shell:Creating environment hook '/home/user/ros2_ws/install/jackrobot_gazebo/share/jackrobot_gazebo/hook/cmake_prefix_path.ps1'
[4.017s] INFO:colcon.colcon_core.shell:Creating environment descriptor '/home/user/ros2_ws/install/jackrobot_gazebo/share/jackrobot_gazebo/hook/cmake_prefix_path.dsv'
[4.018s] INFO:colcon.colcon_core.shell:Creating environment hook '/home/user/ros2_ws/install/jackrobot_gazebo/share/jackrobot_gazebo/hook/cmake_prefix_path.sh'
[4.018s] Level 1:colcon.colcon_core.environment:checking '/home/user/ros2_ws/install/jackrobot_gazebo/bin'
[4.018s] Level 1:colcon.colcon_core.environment:checking '/home/user/ros2_ws/install/jackrobot_gazebo/lib/pkgconfig/jackrobot_gazebo.pc'
[4.019s] Level 1:colcon.colcon_core.environment:checking '/home/user/ros2_ws/install/jackrobot_gazebo/lib/python3.12/site-packages'
[4.021s] Level 1:colcon.colcon_core.environment:checking '/home/user/ros2_ws/install/jackrobot_gazebo/bin'
[4.021s] INFO:colcon.colcon_core.shell:Creating package script '/home/user/ros2_ws/install/jackrobot_gazebo/share/jackrobot_gazebo/package.ps1'
[4.023s] INFO:colcon.colcon_core.shell:Creating package descriptor '/home/user/ros2_ws/install/jackrobot_gazebo/share/jackrobot_gazebo/package.dsv'
[4.024s] INFO:colcon.colcon_core.shell:Creating package script '/home/user/ros2_ws/install/jackrobot_gazebo/share/jackrobot_gazebo/package.sh'
[4.025s] INFO:colcon.colcon_core.shell:Creating package script '/home/user/ros2_ws/install/jackrobot_gazebo/share/jackrobot_gazebo/package.bash'
[4.026s] INFO:colcon.colcon_core.shell:Creating package script '/home/user/ros2_ws/install/jackrobot_gazebo/share/jackrobot_gazebo/package.zsh'
[4.027s] Level 1:colcon.colcon_core.environment:create_file_with_runtime_dependencies(/home/user/ros2_ws/install/jackrobot_gazebo/share/colcon-core/packages/jackrobot_gazebo)
[4.029s] Level 1:colcon.colcon_core.environment:create_environment_scripts_only(jackrobot_gazebo)
[4.029s] Level 1:colcon.colcon_core.environment:checking '/home/user/ros2_ws/install/jackrobot_gazebo' for CMake module files
[4.030s] Level 1:colcon.colcon_core.environment:checking '/home/user/ros2_ws/install/jackrobot_gazebo' for CMake config files
[4.030s] Level 1:colcon.colcon_core.shell:create_environment_hook('jackrobot_gazebo', 'cmake_prefix_path')
[4.031s] INFO:colcon.colcon_core.shell:Creating environment hook '/home/user/ros2_ws/install/jackrobot_gazebo/share/jackrobot_gazebo/hook/cmake_prefix_path.ps1'
[4.032s] INFO:colcon.colcon_core.shell:Creating environment descriptor '/home/user/ros2_ws/install/jackrobot_gazebo/share/jackrobot_gazebo/hook/cmake_prefix_path.dsv'
[4.033s] INFO:colcon.colcon_core.shell:Creating environment hook '/home/user/ros2_ws/install/jackrobot_gazebo/share/jackrobot_gazebo/hook/cmake_prefix_path.sh'
[4.035s] Level 1:colcon.colcon_core.environment:checking '/home/user/ros2_ws/install/jackrobot_gazebo/bin'
[4.036s] Level 1:colcon.colcon_core.environment:checking '/home/user/ros2_ws/install/jackrobot_gazebo/lib/pkgconfig/jackrobot_gazebo.pc'
[4.036s] Level 1:colcon.colcon_core.environment:checking '/home/user/ros2_ws/install/jackrobot_gazebo/lib/python3.12/site-packages'
[4.038s] Level 1:colcon.colcon_core.environment:checking '/home/user/ros2_ws/install/jackrobot_gazebo/bin'
[4.039s] INFO:colcon.colcon_core.shell:Creating package script '/home/user/ros2_ws/install/jackrobot_gazebo/share/jackrobot_gazebo/package.ps1'
[4.039s] INFO:colcon.colcon_core.shell:Creating package descriptor '/home/user/ros2_ws/install/jackrobot_gazebo/share/jackrobot_gazebo/package.dsv'
[4.041s] INFO:colcon.colcon_core.shell:Creating package script '/home/user/ros2_ws/install/jackrobot_gazebo/share/jackrobot_gazebo/package.sh'
[4.042s] INFO:colcon.colcon_core.shell:Creating package script '/home/user/ros2_ws/install/jackrobot_gazebo/share/jackrobot_gazebo/package.bash'
[4.044s] INFO:colcon.colcon_core.shell:Creating package script '/home/user/ros2_ws/install/jackrobot_gazebo/share/jackrobot_gazebo/package.zsh'
[4.045s] Level 1:colcon.colcon_core.environment:create_file_with_runtime_dependencies(/home/user/ros2_ws/install/jackrobot_gazebo/share/colcon-core/packages/jackrobot_gazebo)
[5.045s] Level 1:colcon.colcon_core.shell:create_environment_hook('jackrobot_control', 'pythonpath_develop')
[5.046s] DEBUG:colcon.colcon_core.event_handler.log_command:Invoked command in '/home/user/ros2_ws/build/jackrobot_control' returned '0': DEBUGINFOD_URLS=https://debuginfod.ubuntu.com PYTHONPATH=/home/user/ros2_ws/build/jackrobot_control/prefix_override:/usr/lib/python3/dist-packages/colcon_core/task/python/colcon_distutils_commands:/home/user/ros2_ws/install/jackrobot_control/lib/python3.12/site-packages:${PYTHONPATH} /usr/bin/python3 -W ignore:setup.py install is deprecated -W ignore:easy_install command is deprecated setup.py develop --editable --build-directory /home/user/ros2_ws/build/jackrobot_control/build --no-deps symlink_data
[5.046s] INFO:colcon.colcon_core.shell:Creating environment hook '/home/user/ros2_ws/build/jackrobot_control/share/jackrobot_control/hook/pythonpath_develop.ps1'
[5.047s] INFO:colcon.colcon_core.shell:Creating environment descriptor '/home/user/ros2_ws/build/jackrobot_control/share/jackrobot_control/hook/pythonpath_develop.dsv'
[5.048s] INFO:colcon.colcon_core.shell:Creating environment hook '/home/user/ros2_ws/build/jackrobot_control/share/jackrobot_control/hook/pythonpath_develop.sh'
[5.049s] Level 1:colcon.colcon_core.environment:checking '/home/user/ros2_ws/install/jackrobot_control' for CMake module files
[5.050s] Level 1:colcon.colcon_core.environment:checking '/home/user/ros2_ws/install/jackrobot_control' for CMake config files
[5.050s] Level 1:colcon.colcon_core.environment:checking '/home/user/ros2_ws/install/jackrobot_control/lib'
[5.050s] Level 1:colcon.colcon_core.environment:checking '/home/user/ros2_ws/install/jackrobot_control/bin'
[5.051s] Level 1:colcon.colcon_core.environment:checking '/home/user/ros2_ws/install/jackrobot_control/lib/pkgconfig/jackrobot_control.pc'
[5.051s] Level 1:colcon.colcon_core.environment:checking '/home/user/ros2_ws/install/jackrobot_control/lib/python3.12/site-packages'
[5.051s] Level 1:colcon.colcon_core.shell:create_environment_hook('jackrobot_control', 'pythonpath')
[5.052s] INFO:colcon.colcon_core.shell:Creating environment hook '/home/user/ros2_ws/install/jackrobot_control/share/jackrobot_control/hook/pythonpath.ps1'
[5.052s] INFO:colcon.colcon_core.shell:Creating environment descriptor '/home/user/ros2_ws/install/jackrobot_control/share/jackrobot_control/hook/pythonpath.dsv'
[5.053s] INFO:colcon.colcon_core.shell:Creating environment hook '/home/user/ros2_ws/install/jackrobot_control/share/jackrobot_control/hook/pythonpath.sh'
[5.054s] Level 1:colcon.colcon_core.environment:checking '/home/user/ros2_ws/install/jackrobot_control/bin'
[5.054s] Level 1:colcon.colcon_core.environment:create_environment_scripts_only(jackrobot_control)
[5.055s] INFO:colcon.colcon_core.shell:Creating package script '/home/user/ros2_ws/install/jackrobot_control/share/jackrobot_control/package.ps1'
[5.056s] INFO:colcon.colcon_core.shell:Creating package descriptor '/home/user/ros2_ws/install/jackrobot_control/share/jackrobot_control/package.dsv'
[5.057s] INFO:colcon.colcon_core.shell:Creating package script '/home/user/ros2_ws/install/jackrobot_control/share/jackrobot_control/package.sh'
[5.058s] INFO:colcon.colcon_core.shell:Creating package script '/home/user/ros2_ws/install/jackrobot_control/share/jackrobot_control/package.bash'
[5.058s] INFO:colcon.colcon_core.shell:Creating package script '/home/user/ros2_ws/install/jackrobot_control/share/jackrobot_control/package.zsh'
[5.059s] Level 1:colcon.colcon_core.environment:create_file_with_runtime_dependencies(/home/user/ros2_ws/install/jackrobot_control/share/colcon-core/packages/jackrobot_control)
[5.059s] DEBUG:colcon.colcon_parallel_executor.executor.parallel:closing loop
[5.059s] DEBUG:colcon.colcon_parallel_executor.executor.parallel:loop closed
[5.059s] DEBUG:colcon.colcon_parallel_executor.executor.parallel:run_until_complete finished with '0'
[5.059s] DEBUG:colcon.colcon_core.event_reactor:joining thread
[5.071s] INFO:colcon.colcon_core.plugin_system:Skipping extension 'colcon_notification.desktop_notification.terminal_notifier': Not used on non-Darwin systems
[5.071s] INFO:colcon.colcon_core.plugin_system:Skipping extension 'colcon_notification.desktop_notification.win32': Not used on non-Windows systems
[5.071s] INFO:colcon.colcon_notification.desktop_notification:Sending desktop notification using 'notify2'
[5.091s] DEBUG:colcon.colcon_core.event_reactor:joined thread
[5.091s] INFO:colcon.colcon_core.shell:Creating prefix script '/home/user/ros2_ws/install/local_setup.ps1'
[5.092s] INFO:colcon.colcon_core.shell:Creating prefix util module '/home/user/ros2_ws/install/_local_setup_util_ps1.py'
[5.094s] INFO:colcon.colcon_core.shell:Creating prefix chain script '/home/user/ros2_ws/install/setup.ps1'
[5.097s] INFO:colcon.colcon_core.shell:Creating prefix script '/home/user/ros2_ws/install/local_setup.sh'
[5.098s] INFO:colcon.colcon_core.shell:Creating prefix util module '/home/user/ros2_ws/install/_local_setup_util_sh.py'
[5.099s] INFO:colcon.colcon_core.shell:Creating prefix chain script '/home/user/ros2_ws/install/setup.sh'
[5.102s] INFO:colcon.colcon_core.shell:Creating prefix script '/home/user/ros2_ws/install/local_setup.bash'
[5.104s] INFO:colcon.colcon_core.shell:Creating prefix chain script '/home/user/ros2_ws/install/setup.bash'
[5.107s] INFO:colcon.colcon_core.shell:Creating prefix script '/home/user/ros2_ws/install/local_setup.zsh'
[5.109s] INFO:colcon.colcon_core.shell:Creating prefix chain script '/home/user/ros2_ws/install/setup.zsh'
