[0.027s] Invoking command in '/home/user/ros2_ws/build/jackrobot': CMAKE_PREFIX_PATH=${CMAKE_PREFIX_PATH}:/opt/ros/jazzy DEBUGINFOD_URLS=https://debuginfod.ubuntu.com /usr/bin/cmake /home/user/ros2_ws/src/jackrobot -DAMENT_CMAKE_SYMLINK_INSTALL=1 -DCMAKE_INSTALL_PREFIX=/home/user/ros2_ws/install/jackrobot
[0.245s] -- The C compiler identification is GNU 13.3.0
[0.455s] -- The CXX compiler identification is GNU 13.3.0
[0.487s] -- Detecting C compiler ABI info
[0.621s] -- Detecting C compiler ABI info - done
[0.642s] -- Check for working C compiler: /usr/bin/cc - skipped
[0.648s] -- Detecting C compile features
[0.649s] -- Detecting C compile features - done
[0.664s] -- Detecting CXX compiler ABI info
[0.793s] -- Detecting CXX compiler ABI info - done
[0.814s] -- Check for working CXX compiler: /usr/bin/c++ - skipped
[0.814s] -- Detecting CXX compile features
[0.815s] -- Detecting CXX compile features - done
[0.840s] -- Found ament_cmake: 2.5.6 (/opt/ros/jazzy/share/ament_cmake/cmake)
[1.065s] -- Found Python3: /usr/bin/python3 (found version "3.12.3") found components: Interpreter 
[1.194s] -- Override CMake install command with custom implementation using symlinks instead of copying resources
[1.321s] -- Found ament_lint_auto: 0.17.5 (/opt/ros/jazzy/share/ament_lint_auto/cmake)
[1.517s] -- Added test 'lint_cmake' to check CMake code style
[1.519s] -- Added test 'xmllint' to check XML markup files
[1.525s] -- Configuring done (1.4s)
[1.531s] -- Generating done (0.0s)
[1.534s] -- Build files have been written to: /home/user/ros2_ws/build/jackrobot
[1.541s] Invoked command in '/home/user/ros2_ws/build/jackrobot' returned '0': CMAKE_PREFIX_PATH=${CMAKE_PREFIX_PATH}:/opt/ros/jazzy DEBUGINFOD_URLS=https://debuginfod.ubuntu.com /usr/bin/cmake /home/user/ros2_ws/src/jackrobot -DAMENT_CMAKE_SYMLINK_INSTALL=1 -DCMAKE_INSTALL_PREFIX=/home/user/ros2_ws/install/jackrobot
[1.542s] Invoking command in '/home/user/ros2_ws/build/jackrobot': CMAKE_PREFIX_PATH=${CMAKE_PREFIX_PATH}:/opt/ros/jazzy DEBUGINFOD_URLS=https://debuginfod.ubuntu.com /usr/bin/cmake --build /home/user/ros2_ws/build/jackrobot -- -j4 -l4
[1.592s] Invoked command in '/home/user/ros2_ws/build/jackrobot' returned '0': CMAKE_PREFIX_PATH=${CMAKE_PREFIX_PATH}:/opt/ros/jazzy DEBUGINFOD_URLS=https://debuginfod.ubuntu.com /usr/bin/cmake --build /home/user/ros2_ws/build/jackrobot -- -j4 -l4
[1.604s] Invoking command in '/home/user/ros2_ws/build/jackrobot': CMAKE_PREFIX_PATH=${CMAKE_PREFIX_PATH}:/opt/ros/jazzy DEBUGINFOD_URLS=https://debuginfod.ubuntu.com /usr/bin/cmake --install /home/user/ros2_ws/build/jackrobot
[1.614s] -- Install configuration: ""
[1.615s] -- Execute custom install script
[1.615s] -- Symlinking: /home/user/ros2_ws/install/jackrobot/share/ament_index/resource_index/package_run_dependencies/jackrobot
[1.628s] -- Symlinking: /home/user/ros2_ws/install/jackrobot/share/ament_index/resource_index/parent_prefix_path/jackrobot
[1.640s] -- Symlinking: /home/user/ros2_ws/install/jackrobot/share/jackrobot/environment/ament_prefix_path.sh
[1.651s] -- Symlinking: /home/user/ros2_ws/install/jackrobot/share/jackrobot/environment/ament_prefix_path.dsv
[1.672s] -- Symlinking: /home/user/ros2_ws/install/jackrobot/share/jackrobot/environment/path.sh
[1.683s] -- Symlinking: /home/user/ros2_ws/install/jackrobot/share/jackrobot/environment/path.dsv
[1.695s] -- Symlinking: /home/user/ros2_ws/install/jackrobot/share/jackrobot/local_setup.bash
[1.708s] -- Symlinking: /home/user/ros2_ws/install/jackrobot/share/jackrobot/local_setup.sh
[1.719s] -- Symlinking: /home/user/ros2_ws/install/jackrobot/share/jackrobot/local_setup.zsh
[1.730s] -- Symlinking: /home/user/ros2_ws/install/jackrobot/share/jackrobot/local_setup.dsv
[1.742s] -- Symlinking: /home/user/ros2_ws/install/jackrobot/share/jackrobot/package.dsv
[1.753s] -- Symlinking: /home/user/ros2_ws/install/jackrobot/share/ament_index/resource_index/packages/jackrobot
[1.768s] -- Symlinking: /home/user/ros2_ws/install/jackrobot/share/jackrobot/cmake/jackrobotConfig.cmake
[1.779s] -- Symlinking: /home/user/ros2_ws/install/jackrobot/share/jackrobot/cmake/jackrobotConfig-version.cmake
[1.790s] -- Symlinking: /home/user/ros2_ws/install/jackrobot/share/jackrobot/package.xml
[1.803s] Invoked command in '/home/user/ros2_ws/build/jackrobot' returned '0': CMAKE_PREFIX_PATH=${CMAKE_PREFIX_PATH}:/opt/ros/jazzy DEBUGINFOD_URLS=https://debuginfod.ubuntu.com /usr/bin/cmake --install /home/user/ros2_ws/build/jackrobot
