running develop
running egg_info
creating jackrobot_control.egg-info
writing jackrobot_control.egg-info/PKG-INFO
writing dependency_links to jackrobot_control.egg-info/dependency_links.txt
writing entry points to jackrobot_control.egg-info/entry_points.txt
writing requirements to jackrobot_control.egg-info/requires.txt
writing top-level names to jackrobot_control.egg-info/top_level.txt
writing manifest file 'jackrobot_control.egg-info/SOURCES.txt'
reading manifest file 'jackrobot_control.egg-info/SOURCES.txt'
writing manifest file 'jackrobot_control.egg-info/SOURCES.txt'
running build_ext
Creating /home/user/ros2_ws/install/jackrobot_control/lib/python3.12/site-packages/jackrobot-control.egg-link (link to .)
Installing trajectory_publisher script to /home/user/ros2_ws/install/jackrobot_control/lib/jackrobot_control

Installed /home/user/ros2_ws/build/jackrobot_control
running symlink_data
creating /home/user/ros2_ws/install/jackrobot_control/share/ament_index
creating /home/user/ros2_ws/install/jackrobot_control/share/ament_index/resource_index
creating /home/user/ros2_ws/install/jackrobot_control/share/ament_index/resource_index/packages
symbolically linking /home/user/ros2_ws/build/jackrobot_control/resource/jackrobot_control -> /home/user/ros2_ws/install/jackrobot_control/share/ament_index/resource_index/packages
symbolically linking /home/user/ros2_ws/build/jackrobot_control/package.xml -> /home/user/ros2_ws/install/jackrobot_control/share/jackrobot_control
