[2.489s] Invoking command in '/home/user/ros2_ws/build/jackrobot_control': DEBUGINFOD_URLS=https://debuginfod.ubuntu.com PYTHONPATH=/home/user/ros2_ws/build/jackrobot_control/prefix_override:/usr/lib/python3/dist-packages/colcon_core/task/python/colcon_distutils_commands:/home/user/ros2_ws/install/jackrobot_control/lib/python3.12/site-packages:${PYTHONPATH} /usr/bin/python3 -W ignore:setup.py install is deprecated -W ignore:easy_install command is deprecated setup.py develop --editable --build-directory /home/user/ros2_ws/build/jackrobot_control/build --no-deps symlink_data
[3.367s] running develop
[3.862s] running egg_info
[3.862s] creating jackrobot_control.egg-info
[3.921s] writing jackrobot_control.egg-info/PKG-INFO
[3.922s] writing dependency_links to jackrobot_control.egg-info/dependency_links.txt
[3.923s] writing entry points to jackrobot_control.egg-info/entry_points.txt
[3.923s] writing requirements to jackrobot_control.egg-info/requires.txt
[3.924s] writing top-level names to jackrobot_control.egg-info/top_level.txt
[3.924s] writing manifest file 'jackrobot_control.egg-info/SOURCES.txt'
[4.053s] reading manifest file 'jackrobot_control.egg-info/SOURCES.txt'
[4.054s] writing manifest file 'jackrobot_control.egg-info/SOURCES.txt'
[4.119s] running build_ext
[4.119s] Creating /home/user/ros2_ws/install/jackrobot_control/lib/python3.12/site-packages/jackrobot-control.egg-link (link to .)
[4.121s] Installing trajectory_publisher script to /home/user/ros2_ws/install/jackrobot_control/lib/jackrobot_control
[4.121s] 
[4.122s] Installed /home/user/ros2_ws/build/jackrobot_control
[4.122s] running symlink_data
[4.123s] creating /home/user/ros2_ws/install/jackrobot_control/share/ament_index
[4.123s] creating /home/user/ros2_ws/install/jackrobot_control/share/ament_index/resource_index
[4.123s] creating /home/user/ros2_ws/install/jackrobot_control/share/ament_index/resource_index/packages
[4.128s] symbolically linking /home/user/ros2_ws/build/jackrobot_control/resource/jackrobot_control -> /home/user/ros2_ws/install/jackrobot_control/share/ament_index/resource_index/packages
[4.129s] symbolically linking /home/user/ros2_ws/build/jackrobot_control/package.xml -> /home/user/ros2_ws/install/jackrobot_control/share/jackrobot_control
[4.289s] Invoked command in '/home/user/ros2_ws/build/jackrobot_control' returned '0': DEBUGINFOD_URLS=https://debuginfod.ubuntu.com PYTHONPATH=/home/user/ros2_ws/build/jackrobot_control/prefix_override:/usr/lib/python3/dist-packages/colcon_core/task/python/colcon_distutils_commands:/home/user/ros2_ws/install/jackrobot_control/lib/python3.12/site-packages:${PYTHONPATH} /usr/bin/python3 -W ignore:setup.py install is deprecated -W ignore:easy_install command is deprecated setup.py develop --editable --build-directory /home/user/ros2_ws/build/jackrobot_control/build --no-deps symlink_data
