[0.088s] Invoking command in '/home/user/ros2_ws/build/jackrobot': CMAKE_PREFIX_PATH=${CMAKE_PREFIX_PATH}:/home/user/ros2_ws/install/jackrobot_control:/opt/ros/jazzy DEBUGINFOD_URLS=https://debuginfod.ubuntu.com /usr/bin/cmake --build /home/user/ros2_ws/build/jackrobot -- -j4 -l4
[0.580s] Invoked command in '/home/user/ros2_ws/build/jackrobot' returned '0': CMAKE_PREFIX_PATH=${CMAKE_PREFIX_PATH}:/home/user/ros2_ws/install/jackrobot_control:/opt/ros/jazzy DEBUGINFOD_URLS=https://debuginfod.ubuntu.com /usr/bin/cmake --build /home/user/ros2_ws/build/jackrobot -- -j4 -l4
[0.591s] Invoking command in '/home/user/ros2_ws/build/jackrobot': CMAKE_PREFIX_PATH=${CMAKE_PREFIX_PATH}:/home/user/ros2_ws/install/jackrobot_control:/opt/ros/jazzy DEBUGINFOD_URLS=https://debuginfod.ubuntu.com /usr/bin/cmake --install /home/user/ros2_ws/build/jackrobot
[0.615s] -- Install configuration: ""
[0.621s] -- Execute custom install script
[0.623s] -- Up-to-date symlink: /home/user/ros2_ws/install/jackrobot/share/jackrobot/launch/jackrobot_auto.launch.xml
[0.625s] -- Up-to-date symlink: /home/user/ros2_ws/install/jackrobot/share/jackrobot/launch/jackrobot_test.launch.xml
[0.627s] -- Up-to-date symlink: /home/user/ros2_ws/install/jackrobot/share/jackrobot/urdf/myfirst.urdf
[0.628s] -- Up-to-date symlink: /home/user/ros2_ws/install/jackrobot/share/jackrobot/urdf/roboticarm.urdf
[0.629s] -- Up-to-date symlink: /home/user/ros2_ws/install/jackrobot/share/jackrobot/urdf/walle.urdf
[0.630s] -- Up-to-date symlink: /home/user/ros2_ws/install/jackrobot/share/jackrobot/config/config.rviz
[0.631s] -- Up-to-date symlink: /home/user/ros2_ws/install/jackrobot/share/ament_index/resource_index/package_run_dependencies/jackrobot
[0.631s] -- Up-to-date symlink: /home/user/ros2_ws/install/jackrobot/share/ament_index/resource_index/parent_prefix_path/jackrobot
[0.632s] -- Up-to-date symlink: /home/user/ros2_ws/install/jackrobot/share/jackrobot/environment/ament_prefix_path.sh
[0.633s] -- Up-to-date symlink: /home/user/ros2_ws/install/jackrobot/share/jackrobot/environment/ament_prefix_path.dsv
[0.634s] -- Up-to-date symlink: /home/user/ros2_ws/install/jackrobot/share/jackrobot/environment/path.sh
[0.634s] -- Up-to-date symlink: /home/user/ros2_ws/install/jackrobot/share/jackrobot/environment/path.dsv
[0.635s] -- Up-to-date symlink: /home/user/ros2_ws/install/jackrobot/share/jackrobot/local_setup.bash
[0.635s] -- Up-to-date symlink: /home/user/ros2_ws/install/jackrobot/share/jackrobot/local_setup.sh
[0.635s] -- Up-to-date symlink: /home/user/ros2_ws/install/jackrobot/share/jackrobot/local_setup.zsh
[0.636s] -- Up-to-date symlink: /home/user/ros2_ws/install/jackrobot/share/jackrobot/local_setup.dsv
[0.636s] -- Symlinking: /home/user/ros2_ws/install/jackrobot/share/jackrobot/package.dsv
[0.658s] -- Up-to-date symlink: /home/user/ros2_ws/install/jackrobot/share/ament_index/resource_index/packages/jackrobot
[0.658s] -- Up-to-date symlink: /home/user/ros2_ws/install/jackrobot/share/jackrobot/cmake/jackrobotConfig.cmake
[0.658s] -- Up-to-date symlink: /home/user/ros2_ws/install/jackrobot/share/jackrobot/cmake/jackrobotConfig-version.cmake
[0.660s] -- Up-to-date symlink: /home/user/ros2_ws/install/jackrobot/share/jackrobot/package.xml
[0.663s] Invoked command in '/home/user/ros2_ws/build/jackrobot' returned '0': CMAKE_PREFIX_PATH=${CMAKE_PREFIX_PATH}:/home/user/ros2_ws/install/jackrobot_control:/opt/ros/jazzy DEBUGINFOD_URLS=https://debuginfod.ubuntu.com /usr/bin/cmake --install /home/user/ros2_ws/build/jackrobot
