[0.110s] Invoking command in '/home/user/ros2_ws/build/jackrobot': CMAKE_PREFIX_PATH=${CMAKE_PREFIX_PATH}:/home/user/ros2_ws/install/jackrobot_control:/opt/ros/jazzy DEBUGINFOD_URLS=https://debuginfod.ubuntu.com /usr/bin/cmake /home/user/ros2_ws/src/jackrobot -DAMENT_CMAKE_SYMLINK_INSTALL=1 -DCMAKE_INSTALL_PREFIX=/home/user/ros2_ws/install/jackrobot
[0.641s] -- The C compiler identification is GNU 13.3.0
[0.641s] -- The CXX compiler identification is GNU 13.3.0
[0.641s] -- Detecting C compiler ABI info
[0.641s] -- Detecting C compiler ABI info - done
[0.651s] -- Check for working C compiler: /usr/bin/cc - skipped
[0.651s] -- Detecting C compile features
[0.652s] -- Detecting C compile features - done
[0.674s] -- Detecting CXX compiler ABI info
[0.874s] -- Detecting CXX compiler ABI info - done
[0.899s] -- Check for working CXX compiler: /usr/bin/c++ - skipped
[0.899s] -- Detecting CXX compile features
[0.901s] -- Detecting CXX compile features - done
[0.907s] -- Found ament_cmake: 2.5.6 (/opt/ros/jazzy/share/ament_cmake/cmake)
[1.378s] -- Found Python3: /usr/bin/python3 (found version "3.12.3") found components: Interpreter 
[1.790s] -- Override CMake install command with custom implementation using symlinks instead of copying resources
[1.953s] -- Found ament_lint_auto: 0.17.5 (/opt/ros/jazzy/share/ament_lint_auto/cmake)
[2.322s] -- Added test 'lint_cmake' to check CMake code style
[2.326s] -- Added test 'xmllint' to check XML markup files
[2.332s] -- Configuring done (2.2s)
[2.336s] -- Generating done (0.0s)
[2.340s] -- Build files have been written to: /home/user/ros2_ws/build/jackrobot
[2.355s] Invoked command in '/home/user/ros2_ws/build/jackrobot' returned '0': CMAKE_PREFIX_PATH=${CMAKE_PREFIX_PATH}:/home/user/ros2_ws/install/jackrobot_control:/opt/ros/jazzy DEBUGINFOD_URLS=https://debuginfod.ubuntu.com /usr/bin/cmake /home/user/ros2_ws/src/jackrobot -DAMENT_CMAKE_SYMLINK_INSTALL=1 -DCMAKE_INSTALL_PREFIX=/home/user/ros2_ws/install/jackrobot
[2.355s] Invoking command in '/home/user/ros2_ws/build/jackrobot': CMAKE_PREFIX_PATH=${CMAKE_PREFIX_PATH}:/home/user/ros2_ws/install/jackrobot_control:/opt/ros/jazzy DEBUGINFOD_URLS=https://debuginfod.ubuntu.com /usr/bin/cmake --build /home/user/ros2_ws/build/jackrobot -- -j4 -l4
[2.433s] Invoked command in '/home/user/ros2_ws/build/jackrobot' returned '0': CMAKE_PREFIX_PATH=${CMAKE_PREFIX_PATH}:/home/user/ros2_ws/install/jackrobot_control:/opt/ros/jazzy DEBUGINFOD_URLS=https://debuginfod.ubuntu.com /usr/bin/cmake --build /home/user/ros2_ws/build/jackrobot -- -j4 -l4
[2.450s] Invoking command in '/home/user/ros2_ws/build/jackrobot': CMAKE_PREFIX_PATH=${CMAKE_PREFIX_PATH}:/home/user/ros2_ws/install/jackrobot_control:/opt/ros/jazzy DEBUGINFOD_URLS=https://debuginfod.ubuntu.com /usr/bin/cmake --install /home/user/ros2_ws/build/jackrobot
[2.467s] -- Install configuration: ""
[2.468s] -- Execute custom install script
[2.469s] -- Symlinking: /home/user/ros2_ws/install/jackrobot/share/jackrobot/launch/jackrobot_auto.launch.xml
[2.484s] -- Symlinking: /home/user/ros2_ws/install/jackrobot/share/jackrobot/launch/jackrobot_test.launch.xml
[2.502s] -- Symlinking: /home/user/ros2_ws/install/jackrobot/share/jackrobot/urdf/myfirst.urdf
[2.515s] -- Symlinking: /home/user/ros2_ws/install/jackrobot/share/jackrobot/urdf/roboticarm.urdf
[2.531s] -- Symlinking: /home/user/ros2_ws/install/jackrobot/share/jackrobot/urdf/walle.urdf
[2.550s] -- Symlinking: /home/user/ros2_ws/install/jackrobot/share/jackrobot/config/config.rviz
[2.565s] -- Symlinking: /home/user/ros2_ws/install/jackrobot/share/ament_index/resource_index/package_run_dependencies/jackrobot
[2.582s] -- Symlinking: /home/user/ros2_ws/install/jackrobot/share/ament_index/resource_index/parent_prefix_path/jackrobot
[2.596s] -- Symlinking: /home/user/ros2_ws/install/jackrobot/share/jackrobot/environment/ament_prefix_path.sh
[2.618s] -- Symlinking: /home/user/ros2_ws/install/jackrobot/share/jackrobot/environment/ament_prefix_path.dsv
[2.635s] -- Symlinking: /home/user/ros2_ws/install/jackrobot/share/jackrobot/environment/path.sh
[2.654s] -- Symlinking: /home/user/ros2_ws/install/jackrobot/share/jackrobot/environment/path.dsv
[2.668s] -- Symlinking: /home/user/ros2_ws/install/jackrobot/share/jackrobot/local_setup.bash
[2.687s] -- Symlinking: /home/user/ros2_ws/install/jackrobot/share/jackrobot/local_setup.sh
[2.700s] -- Symlinking: /home/user/ros2_ws/install/jackrobot/share/jackrobot/local_setup.zsh
[2.717s] -- Symlinking: /home/user/ros2_ws/install/jackrobot/share/jackrobot/local_setup.dsv
[2.735s] -- Symlinking: /home/user/ros2_ws/install/jackrobot/share/jackrobot/package.dsv
[2.749s] -- Symlinking: /home/user/ros2_ws/install/jackrobot/share/ament_index/resource_index/packages/jackrobot
[2.767s] -- Symlinking: /home/user/ros2_ws/install/jackrobot/share/jackrobot/cmake/jackrobotConfig.cmake
[2.780s] -- Symlinking: /home/user/ros2_ws/install/jackrobot/share/jackrobot/cmake/jackrobotConfig-version.cmake
[2.799s] -- Symlinking: /home/user/ros2_ws/install/jackrobot/share/jackrobot/package.xml
[2.832s] Invoked command in '/home/user/ros2_ws/build/jackrobot' returned '0': CMAKE_PREFIX_PATH=${CMAKE_PREFIX_PATH}:/home/user/ros2_ws/install/jackrobot_control:/opt/ros/jazzy DEBUGINFOD_URLS=https://debuginfod.ubuntu.com /usr/bin/cmake --install /home/user/ros2_ws/build/jackrobot
