[0.607s] Invoking command in '/home/user/ros2_ws/build/jackrobot_gazebo': CMAKE_PREFIX_PATH=${CMAKE_PREFIX_PATH}:/home/user/ros2_ws/install/jackrobot_control:/opt/ros/jazzy DEBUGINFOD_URLS=https://debuginfod.ubuntu.com /usr/bin/cmake /home/user/ros2_ws/src/jackrobot_gazebo -DAMENT_CMAKE_SYMLINK_INSTALL=1 -DCMAKE_INSTALL_PREFIX=/home/user/ros2_ws/install/jackrobot_gazebo
[0.719s] -- The C compiler identification is GNU 13.3.0
[0.826s] -- The CXX compiler identification is GNU 13.3.0
[0.854s] -- Detecting C compiler ABI info
[1.045s] -- Detecting C compiler ABI info - done
[1.087s] -- Check for working C compiler: /usr/bin/cc - skipped
[1.089s] -- Detecting C compile features
[1.095s] -- Detecting C compile features - done
[1.142s] -- Detecting CXX compiler ABI info
[1.413s] -- Detecting CXX compiler ABI info - done
[1.449s] -- Check for working CXX compiler: /usr/bin/c++ - skipped
[1.449s] -- Detecting CXX compile features
[1.449s] -- Detecting CXX compile features - done
[1.453s] -- Found ament_cmake: 2.5.6 (/opt/ros/jazzy/share/ament_cmake/cmake)
[2.015s] -- Found Python3: /usr/bin/python3 (found version "3.12.3") found components: Interpreter 
[2.225s] -- Override CMake install command with custom implementation using symlinks instead of copying resources
[2.356s] -- Found ament_lint_auto: 0.17.5 (/opt/ros/jazzy/share/ament_lint_auto/cmake)
[2.591s] -- Added test 'flake8' to check Python code syntax and style conventions
[2.593s] -- Configured 'flake8' exclude dirs and/or files: 
[2.594s] -- Added test 'lint_cmake' to check CMake code style
[2.595s] -- Added test 'pep257' to check Python code against some of the docstring style conventions in PEP 257
[2.598s] -- Added test 'xmllint' to check XML markup files
[2.603s] -- Configuring done (2.0s)
[2.607s] -- Generating done (0.0s)
[2.610s] -- Build files have been written to: /home/user/ros2_ws/build/jackrobot_gazebo
[2.618s] Invoked command in '/home/user/ros2_ws/build/jackrobot_gazebo' returned '0': CMAKE_PREFIX_PATH=${CMAKE_PREFIX_PATH}:/home/user/ros2_ws/install/jackrobot_control:/opt/ros/jazzy DEBUGINFOD_URLS=https://debuginfod.ubuntu.com /usr/bin/cmake /home/user/ros2_ws/src/jackrobot_gazebo -DAMENT_CMAKE_SYMLINK_INSTALL=1 -DCMAKE_INSTALL_PREFIX=/home/user/ros2_ws/install/jackrobot_gazebo
[2.618s] Invoking command in '/home/user/ros2_ws/build/jackrobot_gazebo': CMAKE_PREFIX_PATH=${CMAKE_PREFIX_PATH}:/home/user/ros2_ws/install/jackrobot_control:/opt/ros/jazzy DEBUGINFOD_URLS=https://debuginfod.ubuntu.com /usr/bin/cmake --build /home/user/ros2_ws/build/jackrobot_gazebo -- -j4 -l4
[2.693s] Invoked command in '/home/user/ros2_ws/build/jackrobot_gazebo' returned '0': CMAKE_PREFIX_PATH=${CMAKE_PREFIX_PATH}:/home/user/ros2_ws/install/jackrobot_control:/opt/ros/jazzy DEBUGINFOD_URLS=https://debuginfod.ubuntu.com /usr/bin/cmake --build /home/user/ros2_ws/build/jackrobot_gazebo -- -j4 -l4
[2.697s] Invoking command in '/home/user/ros2_ws/build/jackrobot_gazebo': CMAKE_PREFIX_PATH=${CMAKE_PREFIX_PATH}:/home/user/ros2_ws/install/jackrobot_control:/opt/ros/jazzy DEBUGINFOD_URLS=https://debuginfod.ubuntu.com /usr/bin/cmake --install /home/user/ros2_ws/build/jackrobot_gazebo
[2.716s] -- Install configuration: ""
[2.718s] -- Execute custom install script
[2.721s] -- Symlinking: /home/user/ros2_ws/install/jackrobot_gazebo/share/jackrobot_gazebo/launch/spawn_robot.launch.py
[2.735s] -- Symlinking: /home/user/ros2_ws/install/jackrobot_gazebo/share/jackrobot_gazebo/launch/start_simulator.launch.xml
[2.751s] -- Symlinking: /home/user/ros2_ws/install/jackrobot_gazebo/share/jackrobot_gazebo/config/gz_bridge.yaml
[2.772s] -- Symlinking: /home/user/ros2_ws/install/jackrobot_gazebo/share/jackrobot_gazebo/worlds/empty.sdf
[2.790s] -- Symlinking: /home/user/ros2_ws/install/jackrobot_gazebo/share/ament_index/resource_index/package_run_dependencies/jackrobot_gazebo
[2.817s] -- Symlinking: /home/user/ros2_ws/install/jackrobot_gazebo/share/ament_index/resource_index/parent_prefix_path/jackrobot_gazebo
[2.827s] -- Symlinking: /home/user/ros2_ws/install/jackrobot_gazebo/share/jackrobot_gazebo/environment/ament_prefix_path.sh
[2.845s] -- Symlinking: /home/user/ros2_ws/install/jackrobot_gazebo/share/jackrobot_gazebo/environment/ament_prefix_path.dsv
[2.858s] -- Symlinking: /home/user/ros2_ws/install/jackrobot_gazebo/share/jackrobot_gazebo/environment/path.sh
[2.874s] -- Symlinking: /home/user/ros2_ws/install/jackrobot_gazebo/share/jackrobot_gazebo/environment/path.dsv
[2.886s] -- Symlinking: /home/user/ros2_ws/install/jackrobot_gazebo/share/jackrobot_gazebo/local_setup.bash
[2.898s] -- Symlinking: /home/user/ros2_ws/install/jackrobot_gazebo/share/jackrobot_gazebo/local_setup.sh
[2.915s] -- Symlinking: /home/user/ros2_ws/install/jackrobot_gazebo/share/jackrobot_gazebo/local_setup.zsh
[2.930s] -- Symlinking: /home/user/ros2_ws/install/jackrobot_gazebo/share/jackrobot_gazebo/local_setup.dsv
[2.946s] -- Symlinking: /home/user/ros2_ws/install/jackrobot_gazebo/share/jackrobot_gazebo/package.dsv
[2.960s] -- Symlinking: /home/user/ros2_ws/install/jackrobot_gazebo/share/ament_index/resource_index/packages/jackrobot_gazebo
[2.978s] -- Symlinking: /home/user/ros2_ws/install/jackrobot_gazebo/share/jackrobot_gazebo/cmake/jackrobot_gazeboConfig.cmake
[3.003s] -- Symlinking: /home/user/ros2_ws/install/jackrobot_gazebo/share/jackrobot_gazebo/cmake/jackrobot_gazeboConfig-version.cmake
[3.026s] -- Symlinking: /home/user/ros2_ws/install/jackrobot_gazebo/share/jackrobot_gazebo/package.xml
[3.063s] Invoked command in '/home/user/ros2_ws/build/jackrobot_gazebo' returned '0': CMAKE_PREFIX_PATH=${CMAKE_PREFIX_PATH}:/home/user/ros2_ws/install/jackrobot_control:/opt/ros/jazzy DEBUGINFOD_URLS=https://debuginfod.ubuntu.com /usr/bin/cmake --install /home/user/ros2_ws/build/jackrobot_gazebo
